[2025-09-16T15:51:43.949+0000] {taskinstance.py:1157} INFO - Dependencies all met for dep_context=non-requeueable deps ti=<TaskInstance: crypto_pipeline_postgres.extract scheduled__2025-09-15T00:00:00+00:00 [queued]>
[2025-09-16T15:51:43.954+0000] {taskinstance.py:1157} INFO - Dependencies all met for dep_context=requeueable deps ti=<TaskInstance: crypto_pipeline_postgres.extract scheduled__2025-09-15T00:00:00+00:00 [queued]>
[2025-09-16T15:51:43.954+0000] {taskinstance.py:1359} INFO - Starting attempt 1 of 2
[2025-09-16T15:51:43.961+0000] {taskinstance.py:1380} INFO - Executing <Task(PythonOperator): extract> on 2025-09-15 00:00:00+00:00
[2025-09-16T15:51:43.964+0000] {standard_task_runner.py:57} INFO - Started process 52 to run task
[2025-09-16T15:51:43.966+0000] {standard_task_runner.py:84} INFO - Running: ['***', 'tasks', 'run', 'crypto_pipeline_postgres', 'extract', 'scheduled__2025-09-15T00:00:00+00:00', '--job-id', '6', '--raw', '--subdir', 'DAGS_FOLDER/coleta_dados.py', '--cfg-path', '/tmp/tmpor0a1sb8']
[2025-09-16T15:51:43.967+0000] {standard_task_runner.py:85} INFO - Job 6: Subtask extract
[2025-09-16T15:51:43.996+0000] {task_command.py:415} INFO - Running <TaskInstance: crypto_pipeline_postgres.extract scheduled__2025-09-15T00:00:00+00:00 [running]> on host f0ba1f59a373
[2025-09-16T15:51:44.046+0000] {taskinstance.py:1660} INFO - Exporting env vars: AIRFLOW_CTX_DAG_OWNER='***' AIRFLOW_CTX_DAG_ID='crypto_pipeline_postgres' AIRFLOW_CTX_TASK_ID='extract' AIRFLOW_CTX_EXECUTION_DATE='2025-09-15T00:00:00+00:00' AIRFLOW_CTX_TRY_NUMBER='1' AIRFLOW_CTX_DAG_RUN_ID='scheduled__2025-09-15T00:00:00+00:00'
[2025-09-16T15:51:44.337+0000] {python.py:194} INFO - Done. Returned value was: None
[2025-09-16T15:51:44.343+0000] {taskinstance.py:1398} INFO - Marking task as SUCCESS. dag_id=crypto_pipeline_postgres, task_id=extract, execution_date=20250915T000000, start_date=20250916T155143, end_date=20250916T155144
[2025-09-16T15:51:44.379+0000] {local_task_job_runner.py:228} INFO - Task exited with return code 0
[2025-09-16T15:51:44.396+0000] {taskinstance.py:2776} INFO - 1 downstream tasks scheduled from follow-on schedule check
[2025-09-16T16:02:52.228+0000] {taskinstance.py:1157} INFO - Dependencies all met for dep_context=non-requeueable deps ti=<TaskInstance: crypto_pipeline_postgres.extract scheduled__2025-09-15T00:00:00+00:00 [queued]>
[2025-09-16T16:02:52.234+0000] {taskinstance.py:1157} INFO - Dependencies all met for dep_context=requeueable deps ti=<TaskInstance: crypto_pipeline_postgres.extract scheduled__2025-09-15T00:00:00+00:00 [queued]>
[2025-09-16T16:02:52.234+0000] {taskinstance.py:1359} INFO - Starting attempt 1 of 2
[2025-09-16T16:02:52.242+0000] {taskinstance.py:1380} INFO - Executing <Task(PythonOperator): extract> on 2025-09-15 00:00:00+00:00
[2025-09-16T16:02:52.246+0000] {standard_task_runner.py:57} INFO - Started process 48 to run task
[2025-09-16T16:02:52.249+0000] {standard_task_runner.py:84} INFO - Running: ['***', 'tasks', 'run', 'crypto_pipeline_postgres', 'extract', 'scheduled__2025-09-15T00:00:00+00:00', '--job-id', '2', '--raw', '--subdir', 'DAGS_FOLDER/coleta_dados.py', '--cfg-path', '/tmp/tmpol0tdclr']
[2025-09-16T16:02:52.250+0000] {standard_task_runner.py:85} INFO - Job 2: Subtask extract
[2025-09-16T16:02:52.282+0000] {task_command.py:415} INFO - Running <TaskInstance: crypto_pipeline_postgres.extract scheduled__2025-09-15T00:00:00+00:00 [running]> on host 529eb878ec8c
[2025-09-16T16:02:52.334+0000] {taskinstance.py:1660} INFO - Exporting env vars: AIRFLOW_CTX_DAG_OWNER='***' AIRFLOW_CTX_DAG_ID='crypto_pipeline_postgres' AIRFLOW_CTX_TASK_ID='extract' AIRFLOW_CTX_EXECUTION_DATE='2025-09-15T00:00:00+00:00' AIRFLOW_CTX_TRY_NUMBER='1' AIRFLOW_CTX_DAG_RUN_ID='scheduled__2025-09-15T00:00:00+00:00'
[2025-09-16T16:02:52.629+0000] {python.py:194} INFO - Done. Returned value was: None
[2025-09-16T16:02:52.635+0000] {taskinstance.py:1398} INFO - Marking task as SUCCESS. dag_id=crypto_pipeline_postgres, task_id=extract, execution_date=20250915T000000, start_date=20250916T160252, end_date=20250916T160252
[2025-09-16T16:02:52.661+0000] {local_task_job_runner.py:228} INFO - Task exited with return code 0
[2025-09-16T16:02:52.678+0000] {taskinstance.py:2776} INFO - 1 downstream tasks scheduled from follow-on schedule check
[2025-09-16T16:14:02.674+0000] {taskinstance.py:1157} INFO - Dependencies all met for dep_context=non-requeueable deps ti=<TaskInstance: crypto_pipeline_postgres.extract scheduled__2025-09-15T00:00:00+00:00 [queued]>
[2025-09-16T16:14:02.679+0000] {taskinstance.py:1157} INFO - Dependencies all met for dep_context=requeueable deps ti=<TaskInstance: crypto_pipeline_postgres.extract scheduled__2025-09-15T00:00:00+00:00 [queued]>
[2025-09-16T16:14:02.680+0000] {taskinstance.py:1359} INFO - Starting attempt 1 of 2
[2025-09-16T16:14:02.687+0000] {taskinstance.py:1380} INFO - Executing <Task(PythonOperator): extract> on 2025-09-15 00:00:00+00:00
[2025-09-16T16:14:02.690+0000] {standard_task_runner.py:57} INFO - Started process 48 to run task
[2025-09-16T16:14:02.693+0000] {standard_task_runner.py:84} INFO - Running: ['***', 'tasks', 'run', 'crypto_pipeline_postgres', 'extract', 'scheduled__2025-09-15T00:00:00+00:00', '--job-id', '2', '--raw', '--subdir', 'DAGS_FOLDER/coleta_dados.py', '--cfg-path', '/tmp/tmp1b0uxe3f']
[2025-09-16T16:14:02.694+0000] {standard_task_runner.py:85} INFO - Job 2: Subtask extract
[2025-09-16T16:14:02.723+0000] {task_command.py:415} INFO - Running <TaskInstance: crypto_pipeline_postgres.extract scheduled__2025-09-15T00:00:00+00:00 [running]> on host 5a564937ffb3
[2025-09-16T16:14:02.774+0000] {taskinstance.py:1660} INFO - Exporting env vars: AIRFLOW_CTX_DAG_OWNER='***' AIRFLOW_CTX_DAG_ID='crypto_pipeline_postgres' AIRFLOW_CTX_TASK_ID='extract' AIRFLOW_CTX_EXECUTION_DATE='2025-09-15T00:00:00+00:00' AIRFLOW_CTX_TRY_NUMBER='1' AIRFLOW_CTX_DAG_RUN_ID='scheduled__2025-09-15T00:00:00+00:00'
[2025-09-16T16:14:03.077+0000] {python.py:194} INFO - Done. Returned value was: None
[2025-09-16T16:14:03.083+0000] {taskinstance.py:1398} INFO - Marking task as SUCCESS. dag_id=crypto_pipeline_postgres, task_id=extract, execution_date=20250915T000000, start_date=20250916T161402, end_date=20250916T161403
[2025-09-16T16:14:03.105+0000] {local_task_job_runner.py:228} INFO - Task exited with return code 0
[2025-09-16T16:14:03.121+0000] {taskinstance.py:2776} INFO - 1 downstream tasks scheduled from follow-on schedule check
[2025-09-16T16:23:24.244+0000] {taskinstance.py:1157} INFO - Dependencies all met for dep_context=non-requeueable deps ti=<TaskInstance: crypto_pipeline_postgres.extract scheduled__2025-09-15T00:00:00+00:00 [queued]>
[2025-09-16T16:23:24.249+0000] {taskinstance.py:1157} INFO - Dependencies all met for dep_context=requeueable deps ti=<TaskInstance: crypto_pipeline_postgres.extract scheduled__2025-09-15T00:00:00+00:00 [queued]>
[2025-09-16T16:23:24.249+0000] {taskinstance.py:1359} INFO - Starting attempt 1 of 2
[2025-09-16T16:23:24.257+0000] {taskinstance.py:1380} INFO - Executing <Task(PythonOperator): extract> on 2025-09-15 00:00:00+00:00
[2025-09-16T16:23:24.261+0000] {standard_task_runner.py:57} INFO - Started process 52 to run task
[2025-09-16T16:23:24.263+0000] {standard_task_runner.py:84} INFO - Running: ['***', 'tasks', 'run', 'crypto_pipeline_postgres', 'extract', 'scheduled__2025-09-15T00:00:00+00:00', '--job-id', '2', '--raw', '--subdir', 'DAGS_FOLDER/coleta_dados.py', '--cfg-path', '/tmp/tmpbujs73xc']
[2025-09-16T16:23:24.265+0000] {standard_task_runner.py:85} INFO - Job 2: Subtask extract
[2025-09-16T16:23:24.294+0000] {task_command.py:415} INFO - Running <TaskInstance: crypto_pipeline_postgres.extract scheduled__2025-09-15T00:00:00+00:00 [running]> on host 1bf2c2ec56a0
[2025-09-16T16:23:24.345+0000] {taskinstance.py:1660} INFO - Exporting env vars: AIRFLOW_CTX_DAG_OWNER='***' AIRFLOW_CTX_DAG_ID='crypto_pipeline_postgres' AIRFLOW_CTX_TASK_ID='extract' AIRFLOW_CTX_EXECUTION_DATE='2025-09-15T00:00:00+00:00' AIRFLOW_CTX_TRY_NUMBER='1' AIRFLOW_CTX_DAG_RUN_ID='scheduled__2025-09-15T00:00:00+00:00'
[2025-09-16T16:23:24.615+0000] {python.py:194} INFO - Done. Returned value was: None
[2025-09-16T16:23:24.622+0000] {taskinstance.py:1398} INFO - Marking task as SUCCESS. dag_id=crypto_pipeline_postgres, task_id=extract, execution_date=20250915T000000, start_date=20250916T162324, end_date=20250916T162324
[2025-09-16T16:23:24.675+0000] {local_task_job_runner.py:228} INFO - Task exited with return code 0
[2025-09-16T16:23:24.693+0000] {taskinstance.py:2776} INFO - 1 downstream tasks scheduled from follow-on schedule check
