[2025-09-16T17:17:07.699+0000] {taskinstance.py:1157} INFO - Dependencies all met for dep_context=non-requeueable deps ti=<TaskInstance: crypto_pipeline_postgres_debug.load __airflow_temporary_run_2025-09-16T16:35:26.278388+00:00__ [queued]>
[2025-09-16T17:17:07.704+0000] {taskinstance.py:1157} INFO - Dependencies all met for dep_context=requeueable deps ti=<TaskInstance: crypto_pipeline_postgres_debug.load __airflow_temporary_run_2025-09-16T16:35:26.278388+00:00__ [queued]>
[2025-09-16T17:17:07.705+0000] {taskinstance.py:1359} INFO - Starting attempt 1 of 2
[2025-09-16T17:17:07.713+0000] {taskinstance.py:1380} INFO - Executing <Task(PythonOperator): load> on 2025-09-16 00:00:00+00:00
[2025-09-16T17:17:07.718+0000] {standard_task_runner.py:57} INFO - Started process 254 to run task
[2025-09-16T17:17:07.720+0000] {standard_task_runner.py:84} INFO - Running: ['***', 'tasks', 'run', 'crypto_pipeline_postgres_debug', 'load', '__***_temporary_run_2025-09-16T16:35:26.278388+00:00__', '--job-id', '33', '--raw', '--subdir', 'DAGS_FOLDER/crypto_pipeline_postgres_debug.py', '--cfg-path', '/tmp/tmpu3z49i8u']
[2025-09-16T17:17:07.721+0000] {standard_task_runner.py:85} INFO - Job 33: Subtask load
[2025-09-16T17:17:07.749+0000] {task_command.py:415} INFO - Running <TaskInstance: crypto_pipeline_postgres_debug.load __airflow_temporary_run_2025-09-16T16:35:26.278388+00:00__ [running]> on host 958f44e9a439
[2025-09-16T17:17:07.799+0000] {taskinstance.py:1660} INFO - Exporting env vars: AIRFLOW_CTX_DAG_OWNER='***' AIRFLOW_CTX_DAG_ID='crypto_pipeline_postgres_debug' AIRFLOW_CTX_TASK_ID='load' AIRFLOW_CTX_EXECUTION_DATE='2025-09-16T00:00:00+00:00' AIRFLOW_CTX_TRY_NUMBER='1' AIRFLOW_CTX_DAG_RUN_ID='__***_temporary_run_2025-09-16T16:35:26.278388+00:00__'
[2025-09-16T17:17:07.800+0000] {logging_mixin.py:151} INFO - === CARREGAMENTO ===
[2025-09-16T17:17:07.808+0000] {logging_mixin.py:151} INFO - Dados a serem inseridos:
[2025-09-16T17:17:07.820+0000] {logging_mixin.py:151} INFO -          id symbol  ... price_change_ratio  is_profitable
0   bitcoin    btc  ...           1.015435          False
1  ethereum    eth  ...           1.023715          False
2   cardano    ada  ...           1.022962          False

[3 rows x 11 columns]
[2025-09-16T17:17:07.826+0000] {base.py:73} INFO - Using connection ID 'postgres_default' for task execution.
[2025-09-16T17:17:07.830+0000] {logging_mixin.py:151} INFO - Garantindo que schema e tabela existam...
[2025-09-16T17:17:07.831+0000] {logging_mixin.py:151} INFO - Inserindo 3 linhas no banco...
[2025-09-16T17:17:07.838+0000] {logging_mixin.py:151} INFO - Dados inseridos com sucesso!
[2025-09-16T17:17:07.838+0000] {python.py:194} INFO - Done. Returned value was: None
[2025-09-16T17:17:07.844+0000] {taskinstance.py:1398} INFO - Marking task as SUCCESS. dag_id=crypto_pipeline_postgres_debug, task_id=load, execution_date=20250916T000000, start_date=20250916T171707, end_date=20250916T171707
[2025-09-16T17:17:07.892+0000] {local_task_job_runner.py:228} INFO - Task exited with return code 0
[2025-09-16T17:17:07.903+0000] {taskinstance.py:2776} INFO - 0 downstream tasks scheduled from follow-on schedule check
