[2025-09-16T17:10:29.738+0000] {processor.py:157} INFO - Started process (PID=32) to work on /opt/airflow/dags/crypto_pipeline_postgres_debug.py
[2025-09-16T17:10:29.739+0000] {processor.py:829} INFO - Processing file /opt/airflow/dags/crypto_pipeline_postgres_debug.py for tasks to queue
[2025-09-16T17:10:29.739+0000] {logging_mixin.py:151} INFO - [2025-09-16T17:10:29.739+0000] {dagbag.py:539} INFO - Filling up the DagBag from /opt/airflow/dags/crypto_pipeline_postgres_debug.py
[2025-09-16T17:10:30.575+0000] {processor.py:839} INFO - DAG(s) dict_keys(['crypto_pipeline_postgres_debug']) retrieved from /opt/airflow/dags/crypto_pipeline_postgres_debug.py
[2025-09-16T17:10:30.590+0000] {logging_mixin.py:151} INFO - [2025-09-16T17:10:30.589+0000] {dag.py:2915} INFO - Sync 1 DAGs
[2025-09-16T17:10:30.607+0000] {logging_mixin.py:151} INFO - [2025-09-16T17:10:30.607+0000] {dag.py:3696} INFO - Setting next_dagrun for crypto_pipeline_postgres_debug to 2025-09-16T00:00:00+00:00, run_after=2025-09-17T00:00:00+00:00
[2025-09-16T17:10:30.616+0000] {processor.py:179} INFO - Processing /opt/airflow/dags/crypto_pipeline_postgres_debug.py took 0.881 seconds
[2025-09-16T17:11:00.730+0000] {processor.py:157} INFO - Started process (PID=34) to work on /opt/airflow/dags/crypto_pipeline_postgres_debug.py
[2025-09-16T17:11:00.731+0000] {processor.py:829} INFO - Processing file /opt/airflow/dags/crypto_pipeline_postgres_debug.py for tasks to queue
[2025-09-16T17:11:00.731+0000] {logging_mixin.py:151} INFO - [2025-09-16T17:11:00.731+0000] {dagbag.py:539} INFO - Filling up the DagBag from /opt/airflow/dags/crypto_pipeline_postgres_debug.py
[2025-09-16T17:11:01.054+0000] {processor.py:839} INFO - DAG(s) dict_keys(['crypto_pipeline_postgres_debug']) retrieved from /opt/airflow/dags/crypto_pipeline_postgres_debug.py
[2025-09-16T17:11:01.076+0000] {logging_mixin.py:151} INFO - [2025-09-16T17:11:01.076+0000] {dag.py:2915} INFO - Sync 1 DAGs
[2025-09-16T17:11:01.091+0000] {logging_mixin.py:151} INFO - [2025-09-16T17:11:01.091+0000] {dag.py:3696} INFO - Setting next_dagrun for crypto_pipeline_postgres_debug to 2025-09-16T00:00:00+00:00, run_after=2025-09-17T00:00:00+00:00
[2025-09-16T17:11:01.100+0000] {processor.py:179} INFO - Processing /opt/airflow/dags/crypto_pipeline_postgres_debug.py took 0.373 seconds
[2025-09-16T17:11:31.191+0000] {processor.py:157} INFO - Started process (PID=81) to work on /opt/airflow/dags/crypto_pipeline_postgres_debug.py
[2025-09-16T17:11:31.191+0000] {processor.py:829} INFO - Processing file /opt/airflow/dags/crypto_pipeline_postgres_debug.py for tasks to queue
[2025-09-16T17:11:31.192+0000] {logging_mixin.py:151} INFO - [2025-09-16T17:11:31.192+0000] {dagbag.py:539} INFO - Filling up the DagBag from /opt/airflow/dags/crypto_pipeline_postgres_debug.py
[2025-09-16T17:11:31.500+0000] {processor.py:839} INFO - DAG(s) dict_keys(['crypto_pipeline_postgres_debug']) retrieved from /opt/airflow/dags/crypto_pipeline_postgres_debug.py
[2025-09-16T17:11:31.517+0000] {logging_mixin.py:151} INFO - [2025-09-16T17:11:31.516+0000] {dag.py:2915} INFO - Sync 1 DAGs
[2025-09-16T17:11:31.531+0000] {logging_mixin.py:151} INFO - [2025-09-16T17:11:31.531+0000] {dag.py:3696} INFO - Setting next_dagrun for crypto_pipeline_postgres_debug to 2025-09-16T00:00:00+00:00, run_after=2025-09-17T00:00:00+00:00
[2025-09-16T17:11:31.540+0000] {processor.py:179} INFO - Processing /opt/airflow/dags/crypto_pipeline_postgres_debug.py took 0.351 seconds
[2025-09-16T17:12:01.627+0000] {processor.py:157} INFO - Started process (PID=83) to work on /opt/airflow/dags/crypto_pipeline_postgres_debug.py
[2025-09-16T17:12:01.628+0000] {processor.py:829} INFO - Processing file /opt/airflow/dags/crypto_pipeline_postgres_debug.py for tasks to queue
[2025-09-16T17:12:01.628+0000] {logging_mixin.py:151} INFO - [2025-09-16T17:12:01.628+0000] {dagbag.py:539} INFO - Filling up the DagBag from /opt/airflow/dags/crypto_pipeline_postgres_debug.py
[2025-09-16T17:12:01.943+0000] {processor.py:839} INFO - DAG(s) dict_keys(['crypto_pipeline_postgres_debug']) retrieved from /opt/airflow/dags/crypto_pipeline_postgres_debug.py
[2025-09-16T17:12:01.959+0000] {logging_mixin.py:151} INFO - [2025-09-16T17:12:01.959+0000] {dag.py:2915} INFO - Sync 1 DAGs
[2025-09-16T17:12:01.974+0000] {logging_mixin.py:151} INFO - [2025-09-16T17:12:01.974+0000] {dag.py:3696} INFO - Setting next_dagrun for crypto_pipeline_postgres_debug to 2025-09-16T00:00:00+00:00, run_after=2025-09-17T00:00:00+00:00
[2025-09-16T17:12:01.983+0000] {processor.py:179} INFO - Processing /opt/airflow/dags/crypto_pipeline_postgres_debug.py took 0.358 seconds
[2025-09-16T17:12:32.073+0000] {processor.py:157} INFO - Started process (PID=85) to work on /opt/airflow/dags/crypto_pipeline_postgres_debug.py
[2025-09-16T17:12:32.074+0000] {processor.py:829} INFO - Processing file /opt/airflow/dags/crypto_pipeline_postgres_debug.py for tasks to queue
[2025-09-16T17:12:32.075+0000] {logging_mixin.py:151} INFO - [2025-09-16T17:12:32.074+0000] {dagbag.py:539} INFO - Filling up the DagBag from /opt/airflow/dags/crypto_pipeline_postgres_debug.py
[2025-09-16T17:12:32.374+0000] {processor.py:839} INFO - DAG(s) dict_keys(['crypto_pipeline_postgres_debug']) retrieved from /opt/airflow/dags/crypto_pipeline_postgres_debug.py
[2025-09-16T17:12:32.390+0000] {logging_mixin.py:151} INFO - [2025-09-16T17:12:32.390+0000] {dag.py:2915} INFO - Sync 1 DAGs
[2025-09-16T17:12:32.405+0000] {logging_mixin.py:151} INFO - [2025-09-16T17:12:32.405+0000] {dag.py:3696} INFO - Setting next_dagrun for crypto_pipeline_postgres_debug to 2025-09-16T00:00:00+00:00, run_after=2025-09-17T00:00:00+00:00
[2025-09-16T17:12:32.414+0000] {processor.py:179} INFO - Processing /opt/airflow/dags/crypto_pipeline_postgres_debug.py took 0.343 seconds
[2025-09-16T17:13:02.506+0000] {processor.py:157} INFO - Started process (PID=87) to work on /opt/airflow/dags/crypto_pipeline_postgres_debug.py
[2025-09-16T17:13:02.506+0000] {processor.py:829} INFO - Processing file /opt/airflow/dags/crypto_pipeline_postgres_debug.py for tasks to queue
[2025-09-16T17:13:02.507+0000] {logging_mixin.py:151} INFO - [2025-09-16T17:13:02.507+0000] {dagbag.py:539} INFO - Filling up the DagBag from /opt/airflow/dags/crypto_pipeline_postgres_debug.py
[2025-09-16T17:13:02.726+0000] {processor.py:839} INFO - DAG(s) dict_keys(['crypto_pipeline_postgres_debug']) retrieved from /opt/airflow/dags/crypto_pipeline_postgres_debug.py
[2025-09-16T17:13:02.744+0000] {logging_mixin.py:151} INFO - [2025-09-16T17:13:02.743+0000] {dag.py:2915} INFO - Sync 1 DAGs
[2025-09-16T17:13:02.760+0000] {logging_mixin.py:151} INFO - [2025-09-16T17:13:02.760+0000] {dag.py:3696} INFO - Setting next_dagrun for crypto_pipeline_postgres_debug to 2025-09-16T00:00:00+00:00, run_after=2025-09-17T00:00:00+00:00
[2025-09-16T17:13:02.770+0000] {processor.py:179} INFO - Processing /opt/airflow/dags/crypto_pipeline_postgres_debug.py took 0.267 seconds
[2025-09-16T17:13:32.859+0000] {processor.py:157} INFO - Started process (PID=89) to work on /opt/airflow/dags/crypto_pipeline_postgres_debug.py
[2025-09-16T17:13:32.860+0000] {processor.py:829} INFO - Processing file /opt/airflow/dags/crypto_pipeline_postgres_debug.py for tasks to queue
[2025-09-16T17:13:32.860+0000] {logging_mixin.py:151} INFO - [2025-09-16T17:13:32.860+0000] {dagbag.py:539} INFO - Filling up the DagBag from /opt/airflow/dags/crypto_pipeline_postgres_debug.py
[2025-09-16T17:13:33.076+0000] {processor.py:839} INFO - DAG(s) dict_keys(['crypto_pipeline_postgres_debug']) retrieved from /opt/airflow/dags/crypto_pipeline_postgres_debug.py
[2025-09-16T17:13:33.094+0000] {logging_mixin.py:151} INFO - [2025-09-16T17:13:33.094+0000] {dag.py:2915} INFO - Sync 1 DAGs
[2025-09-16T17:13:33.112+0000] {logging_mixin.py:151} INFO - [2025-09-16T17:13:33.112+0000] {dag.py:3696} INFO - Setting next_dagrun for crypto_pipeline_postgres_debug to 2025-09-16T00:00:00+00:00, run_after=2025-09-17T00:00:00+00:00
[2025-09-16T17:13:33.123+0000] {processor.py:179} INFO - Processing /opt/airflow/dags/crypto_pipeline_postgres_debug.py took 0.266 seconds
[2025-09-16T17:14:03.211+0000] {processor.py:157} INFO - Started process (PID=91) to work on /opt/airflow/dags/crypto_pipeline_postgres_debug.py
[2025-09-16T17:14:03.212+0000] {processor.py:829} INFO - Processing file /opt/airflow/dags/crypto_pipeline_postgres_debug.py for tasks to queue
[2025-09-16T17:14:03.213+0000] {logging_mixin.py:151} INFO - [2025-09-16T17:14:03.212+0000] {dagbag.py:539} INFO - Filling up the DagBag from /opt/airflow/dags/crypto_pipeline_postgres_debug.py
[2025-09-16T17:14:03.426+0000] {processor.py:839} INFO - DAG(s) dict_keys(['crypto_pipeline_postgres_debug']) retrieved from /opt/airflow/dags/crypto_pipeline_postgres_debug.py
[2025-09-16T17:14:03.444+0000] {logging_mixin.py:151} INFO - [2025-09-16T17:14:03.444+0000] {dag.py:2915} INFO - Sync 1 DAGs
[2025-09-16T17:14:03.460+0000] {logging_mixin.py:151} INFO - [2025-09-16T17:14:03.460+0000] {dag.py:3696} INFO - Setting next_dagrun for crypto_pipeline_postgres_debug to 2025-09-16T00:00:00+00:00, run_after=2025-09-17T00:00:00+00:00
[2025-09-16T17:14:03.470+0000] {processor.py:179} INFO - Processing /opt/airflow/dags/crypto_pipeline_postgres_debug.py took 0.261 seconds
[2025-09-16T17:14:33.559+0000] {processor.py:157} INFO - Started process (PID=93) to work on /opt/airflow/dags/crypto_pipeline_postgres_debug.py
[2025-09-16T17:14:33.560+0000] {processor.py:829} INFO - Processing file /opt/airflow/dags/crypto_pipeline_postgres_debug.py for tasks to queue
[2025-09-16T17:14:33.561+0000] {logging_mixin.py:151} INFO - [2025-09-16T17:14:33.561+0000] {dagbag.py:539} INFO - Filling up the DagBag from /opt/airflow/dags/crypto_pipeline_postgres_debug.py
[2025-09-16T17:14:33.775+0000] {processor.py:839} INFO - DAG(s) dict_keys(['crypto_pipeline_postgres_debug']) retrieved from /opt/airflow/dags/crypto_pipeline_postgres_debug.py
[2025-09-16T17:14:33.792+0000] {logging_mixin.py:151} INFO - [2025-09-16T17:14:33.792+0000] {dag.py:2915} INFO - Sync 1 DAGs
[2025-09-16T17:14:33.807+0000] {logging_mixin.py:151} INFO - [2025-09-16T17:14:33.807+0000] {dag.py:3696} INFO - Setting next_dagrun for crypto_pipeline_postgres_debug to 2025-09-16T00:00:00+00:00, run_after=2025-09-17T00:00:00+00:00
[2025-09-16T17:14:33.817+0000] {processor.py:179} INFO - Processing /opt/airflow/dags/crypto_pipeline_postgres_debug.py took 0.261 seconds
[2025-09-16T17:15:03.908+0000] {processor.py:157} INFO - Started process (PID=95) to work on /opt/airflow/dags/crypto_pipeline_postgres_debug.py
[2025-09-16T17:15:03.909+0000] {processor.py:829} INFO - Processing file /opt/airflow/dags/crypto_pipeline_postgres_debug.py for tasks to queue
[2025-09-16T17:15:03.910+0000] {logging_mixin.py:151} INFO - [2025-09-16T17:15:03.910+0000] {dagbag.py:539} INFO - Filling up the DagBag from /opt/airflow/dags/crypto_pipeline_postgres_debug.py
[2025-09-16T17:15:04.137+0000] {processor.py:839} INFO - DAG(s) dict_keys(['crypto_pipeline_postgres_debug']) retrieved from /opt/airflow/dags/crypto_pipeline_postgres_debug.py
[2025-09-16T17:15:04.155+0000] {logging_mixin.py:151} INFO - [2025-09-16T17:15:04.155+0000] {dag.py:2915} INFO - Sync 1 DAGs
[2025-09-16T17:15:04.173+0000] {logging_mixin.py:151} INFO - [2025-09-16T17:15:04.172+0000] {dag.py:3696} INFO - Setting next_dagrun for crypto_pipeline_postgres_debug to 2025-09-16T00:00:00+00:00, run_after=2025-09-17T00:00:00+00:00
[2025-09-16T17:15:04.183+0000] {processor.py:179} INFO - Processing /opt/airflow/dags/crypto_pipeline_postgres_debug.py took 0.278 seconds
[2025-09-16T17:15:34.274+0000] {processor.py:157} INFO - Started process (PID=142) to work on /opt/airflow/dags/crypto_pipeline_postgres_debug.py
[2025-09-16T17:15:34.275+0000] {processor.py:829} INFO - Processing file /opt/airflow/dags/crypto_pipeline_postgres_debug.py for tasks to queue
[2025-09-16T17:15:34.276+0000] {logging_mixin.py:151} INFO - [2025-09-16T17:15:34.276+0000] {dagbag.py:539} INFO - Filling up the DagBag from /opt/airflow/dags/crypto_pipeline_postgres_debug.py
[2025-09-16T17:15:34.493+0000] {processor.py:839} INFO - DAG(s) dict_keys(['crypto_pipeline_postgres_debug']) retrieved from /opt/airflow/dags/crypto_pipeline_postgres_debug.py
[2025-09-16T17:15:34.511+0000] {logging_mixin.py:151} INFO - [2025-09-16T17:15:34.510+0000] {dag.py:2915} INFO - Sync 1 DAGs
[2025-09-16T17:15:34.527+0000] {logging_mixin.py:151} INFO - [2025-09-16T17:15:34.527+0000] {dag.py:3696} INFO - Setting next_dagrun for crypto_pipeline_postgres_debug to 2025-09-16T00:00:00+00:00, run_after=2025-09-17T00:00:00+00:00
[2025-09-16T17:15:34.537+0000] {processor.py:179} INFO - Processing /opt/airflow/dags/crypto_pipeline_postgres_debug.py took 0.265 seconds
[2025-09-16T17:16:04.624+0000] {processor.py:157} INFO - Started process (PID=144) to work on /opt/airflow/dags/crypto_pipeline_postgres_debug.py
[2025-09-16T17:16:04.624+0000] {processor.py:829} INFO - Processing file /opt/airflow/dags/crypto_pipeline_postgres_debug.py for tasks to queue
[2025-09-16T17:16:04.625+0000] {logging_mixin.py:151} INFO - [2025-09-16T17:16:04.625+0000] {dagbag.py:539} INFO - Filling up the DagBag from /opt/airflow/dags/crypto_pipeline_postgres_debug.py
[2025-09-16T17:16:04.844+0000] {processor.py:839} INFO - DAG(s) dict_keys(['crypto_pipeline_postgres_debug']) retrieved from /opt/airflow/dags/crypto_pipeline_postgres_debug.py
[2025-09-16T17:16:04.863+0000] {logging_mixin.py:151} INFO - [2025-09-16T17:16:04.862+0000] {dag.py:2915} INFO - Sync 1 DAGs
[2025-09-16T17:16:04.878+0000] {logging_mixin.py:151} INFO - [2025-09-16T17:16:04.878+0000] {dag.py:3696} INFO - Setting next_dagrun for crypto_pipeline_postgres_debug to 2025-09-16T00:00:00+00:00, run_after=2025-09-17T00:00:00+00:00
[2025-09-16T17:16:04.890+0000] {processor.py:179} INFO - Processing /opt/airflow/dags/crypto_pipeline_postgres_debug.py took 0.269 seconds
[2025-09-16T17:16:34.981+0000] {processor.py:157} INFO - Started process (PID=146) to work on /opt/airflow/dags/crypto_pipeline_postgres_debug.py
[2025-09-16T17:16:34.982+0000] {processor.py:829} INFO - Processing file /opt/airflow/dags/crypto_pipeline_postgres_debug.py for tasks to queue
[2025-09-16T17:16:34.982+0000] {logging_mixin.py:151} INFO - [2025-09-16T17:16:34.982+0000] {dagbag.py:539} INFO - Filling up the DagBag from /opt/airflow/dags/crypto_pipeline_postgres_debug.py
[2025-09-16T17:16:35.234+0000] {processor.py:839} INFO - DAG(s) dict_keys(['crypto_pipeline_postgres_debug']) retrieved from /opt/airflow/dags/crypto_pipeline_postgres_debug.py
[2025-09-16T17:16:35.253+0000] {logging_mixin.py:151} INFO - [2025-09-16T17:16:35.253+0000] {dag.py:2915} INFO - Sync 1 DAGs
[2025-09-16T17:16:35.271+0000] {logging_mixin.py:151} INFO - [2025-09-16T17:16:35.271+0000] {dag.py:3696} INFO - Setting next_dagrun for crypto_pipeline_postgres_debug to 2025-09-16T00:00:00+00:00, run_after=2025-09-17T00:00:00+00:00
[2025-09-16T17:16:35.283+0000] {processor.py:179} INFO - Processing /opt/airflow/dags/crypto_pipeline_postgres_debug.py took 0.304 seconds
[2025-09-16T17:17:05.373+0000] {processor.py:157} INFO - Started process (PID=238) to work on /opt/airflow/dags/crypto_pipeline_postgres_debug.py
[2025-09-16T17:17:05.374+0000] {processor.py:829} INFO - Processing file /opt/airflow/dags/crypto_pipeline_postgres_debug.py for tasks to queue
[2025-09-16T17:17:05.374+0000] {logging_mixin.py:151} INFO - [2025-09-16T17:17:05.374+0000] {dagbag.py:539} INFO - Filling up the DagBag from /opt/airflow/dags/crypto_pipeline_postgres_debug.py
[2025-09-16T17:17:05.605+0000] {processor.py:839} INFO - DAG(s) dict_keys(['crypto_pipeline_postgres_debug']) retrieved from /opt/airflow/dags/crypto_pipeline_postgres_debug.py
[2025-09-16T17:17:05.625+0000] {logging_mixin.py:151} INFO - [2025-09-16T17:17:05.624+0000] {dag.py:2915} INFO - Sync 1 DAGs
[2025-09-16T17:17:05.641+0000] {logging_mixin.py:151} INFO - [2025-09-16T17:17:05.641+0000] {dag.py:3696} INFO - Setting next_dagrun for crypto_pipeline_postgres_debug to 2025-09-16T00:00:00+00:00, run_after=2025-09-17T00:00:00+00:00
[2025-09-16T17:17:05.664+0000] {processor.py:179} INFO - Processing /opt/airflow/dags/crypto_pipeline_postgres_debug.py took 0.294 seconds
[2025-09-16T17:17:35.757+0000] {processor.py:157} INFO - Started process (PID=285) to work on /opt/airflow/dags/crypto_pipeline_postgres_debug.py
[2025-09-16T17:17:35.757+0000] {processor.py:829} INFO - Processing file /opt/airflow/dags/crypto_pipeline_postgres_debug.py for tasks to queue
[2025-09-16T17:17:35.758+0000] {logging_mixin.py:151} INFO - [2025-09-16T17:17:35.758+0000] {dagbag.py:539} INFO - Filling up the DagBag from /opt/airflow/dags/crypto_pipeline_postgres_debug.py
[2025-09-16T17:17:35.975+0000] {processor.py:839} INFO - DAG(s) dict_keys(['crypto_pipeline_postgres_debug']) retrieved from /opt/airflow/dags/crypto_pipeline_postgres_debug.py
[2025-09-16T17:17:35.992+0000] {logging_mixin.py:151} INFO - [2025-09-16T17:17:35.991+0000] {dag.py:2915} INFO - Sync 1 DAGs
[2025-09-16T17:17:36.008+0000] {logging_mixin.py:151} INFO - [2025-09-16T17:17:36.007+0000] {dag.py:3696} INFO - Setting next_dagrun for crypto_pipeline_postgres_debug to 2025-09-16T00:00:00+00:00, run_after=2025-09-17T00:00:00+00:00
[2025-09-16T17:17:36.018+0000] {processor.py:179} INFO - Processing /opt/airflow/dags/crypto_pipeline_postgres_debug.py took 0.264 seconds
[2025-09-16T17:18:06.108+0000] {processor.py:157} INFO - Started process (PID=332) to work on /opt/airflow/dags/crypto_pipeline_postgres_debug.py
[2025-09-16T17:18:06.108+0000] {processor.py:829} INFO - Processing file /opt/airflow/dags/crypto_pipeline_postgres_debug.py for tasks to queue
[2025-09-16T17:18:06.109+0000] {logging_mixin.py:151} INFO - [2025-09-16T17:18:06.109+0000] {dagbag.py:539} INFO - Filling up the DagBag from /opt/airflow/dags/crypto_pipeline_postgres_debug.py
[2025-09-16T17:18:06.330+0000] {processor.py:839} INFO - DAG(s) dict_keys(['crypto_pipeline_postgres_debug']) retrieved from /opt/airflow/dags/crypto_pipeline_postgres_debug.py
[2025-09-16T17:18:06.349+0000] {logging_mixin.py:151} INFO - [2025-09-16T17:18:06.348+0000] {dag.py:2915} INFO - Sync 1 DAGs
[2025-09-16T17:18:06.364+0000] {logging_mixin.py:151} INFO - [2025-09-16T17:18:06.363+0000] {dag.py:3696} INFO - Setting next_dagrun for crypto_pipeline_postgres_debug to 2025-09-16T00:00:00+00:00, run_after=2025-09-17T00:00:00+00:00
[2025-09-16T17:18:06.373+0000] {processor.py:179} INFO - Processing /opt/airflow/dags/crypto_pipeline_postgres_debug.py took 0.268 seconds
[2025-09-16T17:18:36.463+0000] {processor.py:157} INFO - Started process (PID=334) to work on /opt/airflow/dags/crypto_pipeline_postgres_debug.py
[2025-09-16T17:18:36.463+0000] {processor.py:829} INFO - Processing file /opt/airflow/dags/crypto_pipeline_postgres_debug.py for tasks to queue
[2025-09-16T17:18:36.464+0000] {logging_mixin.py:151} INFO - [2025-09-16T17:18:36.464+0000] {dagbag.py:539} INFO - Filling up the DagBag from /opt/airflow/dags/crypto_pipeline_postgres_debug.py
[2025-09-16T17:18:36.681+0000] {processor.py:839} INFO - DAG(s) dict_keys(['crypto_pipeline_postgres_debug']) retrieved from /opt/airflow/dags/crypto_pipeline_postgres_debug.py
[2025-09-16T17:18:36.698+0000] {logging_mixin.py:151} INFO - [2025-09-16T17:18:36.698+0000] {dag.py:2915} INFO - Sync 1 DAGs
[2025-09-16T17:18:36.713+0000] {logging_mixin.py:151} INFO - [2025-09-16T17:18:36.713+0000] {dag.py:3696} INFO - Setting next_dagrun for crypto_pipeline_postgres_debug to 2025-09-16T00:00:00+00:00, run_after=2025-09-17T00:00:00+00:00
[2025-09-16T17:18:36.722+0000] {processor.py:179} INFO - Processing /opt/airflow/dags/crypto_pipeline_postgres_debug.py took 0.262 seconds
[2025-09-16T17:19:06.810+0000] {processor.py:157} INFO - Started process (PID=336) to work on /opt/airflow/dags/crypto_pipeline_postgres_debug.py
[2025-09-16T17:19:06.810+0000] {processor.py:829} INFO - Processing file /opt/airflow/dags/crypto_pipeline_postgres_debug.py for tasks to queue
[2025-09-16T17:19:06.811+0000] {logging_mixin.py:151} INFO - [2025-09-16T17:19:06.811+0000] {dagbag.py:539} INFO - Filling up the DagBag from /opt/airflow/dags/crypto_pipeline_postgres_debug.py
[2025-09-16T17:19:07.029+0000] {processor.py:839} INFO - DAG(s) dict_keys(['crypto_pipeline_postgres_debug']) retrieved from /opt/airflow/dags/crypto_pipeline_postgres_debug.py
[2025-09-16T17:19:07.047+0000] {logging_mixin.py:151} INFO - [2025-09-16T17:19:07.047+0000] {dag.py:2915} INFO - Sync 1 DAGs
[2025-09-16T17:19:07.065+0000] {logging_mixin.py:151} INFO - [2025-09-16T17:19:07.065+0000] {dag.py:3696} INFO - Setting next_dagrun for crypto_pipeline_postgres_debug to 2025-09-16T00:00:00+00:00, run_after=2025-09-17T00:00:00+00:00
[2025-09-16T17:19:07.076+0000] {processor.py:179} INFO - Processing /opt/airflow/dags/crypto_pipeline_postgres_debug.py took 0.269 seconds
[2025-09-16T17:19:37.165+0000] {processor.py:157} INFO - Started process (PID=338) to work on /opt/airflow/dags/crypto_pipeline_postgres_debug.py
[2025-09-16T17:19:37.166+0000] {processor.py:829} INFO - Processing file /opt/airflow/dags/crypto_pipeline_postgres_debug.py for tasks to queue
[2025-09-16T17:19:37.167+0000] {logging_mixin.py:151} INFO - [2025-09-16T17:19:37.167+0000] {dagbag.py:539} INFO - Filling up the DagBag from /opt/airflow/dags/crypto_pipeline_postgres_debug.py
[2025-09-16T17:19:37.385+0000] {processor.py:839} INFO - DAG(s) dict_keys(['crypto_pipeline_postgres_debug']) retrieved from /opt/airflow/dags/crypto_pipeline_postgres_debug.py
[2025-09-16T17:19:37.402+0000] {logging_mixin.py:151} INFO - [2025-09-16T17:19:37.402+0000] {dag.py:2915} INFO - Sync 1 DAGs
[2025-09-16T17:19:37.419+0000] {logging_mixin.py:151} INFO - [2025-09-16T17:19:37.419+0000] {dag.py:3696} INFO - Setting next_dagrun for crypto_pipeline_postgres_debug to 2025-09-16T00:00:00+00:00, run_after=2025-09-17T00:00:00+00:00
[2025-09-16T17:19:37.428+0000] {processor.py:179} INFO - Processing /opt/airflow/dags/crypto_pipeline_postgres_debug.py took 0.266 seconds
[2025-09-16T17:20:07.523+0000] {processor.py:157} INFO - Started process (PID=385) to work on /opt/airflow/dags/crypto_pipeline_postgres_debug.py
[2025-09-16T17:20:07.524+0000] {processor.py:829} INFO - Processing file /opt/airflow/dags/crypto_pipeline_postgres_debug.py for tasks to queue
[2025-09-16T17:20:07.524+0000] {logging_mixin.py:151} INFO - [2025-09-16T17:20:07.524+0000] {dagbag.py:539} INFO - Filling up the DagBag from /opt/airflow/dags/crypto_pipeline_postgres_debug.py
[2025-09-16T17:20:07.745+0000] {processor.py:839} INFO - DAG(s) dict_keys(['crypto_pipeline_postgres_debug']) retrieved from /opt/airflow/dags/crypto_pipeline_postgres_debug.py
[2025-09-16T17:20:07.763+0000] {logging_mixin.py:151} INFO - [2025-09-16T17:20:07.763+0000] {dag.py:2915} INFO - Sync 1 DAGs
[2025-09-16T17:20:07.779+0000] {logging_mixin.py:151} INFO - [2025-09-16T17:20:07.778+0000] {dag.py:3696} INFO - Setting next_dagrun for crypto_pipeline_postgres_debug to 2025-09-16T00:00:00+00:00, run_after=2025-09-17T00:00:00+00:00
[2025-09-16T17:20:07.788+0000] {processor.py:179} INFO - Processing /opt/airflow/dags/crypto_pipeline_postgres_debug.py took 0.268 seconds
[2025-09-16T17:20:37.877+0000] {processor.py:157} INFO - Started process (PID=387) to work on /opt/airflow/dags/crypto_pipeline_postgres_debug.py
[2025-09-16T17:20:37.878+0000] {processor.py:829} INFO - Processing file /opt/airflow/dags/crypto_pipeline_postgres_debug.py for tasks to queue
[2025-09-16T17:20:37.878+0000] {logging_mixin.py:151} INFO - [2025-09-16T17:20:37.878+0000] {dagbag.py:539} INFO - Filling up the DagBag from /opt/airflow/dags/crypto_pipeline_postgres_debug.py
[2025-09-16T17:20:38.095+0000] {processor.py:839} INFO - DAG(s) dict_keys(['crypto_pipeline_postgres_debug']) retrieved from /opt/airflow/dags/crypto_pipeline_postgres_debug.py
[2025-09-16T17:20:38.112+0000] {logging_mixin.py:151} INFO - [2025-09-16T17:20:38.112+0000] {dag.py:2915} INFO - Sync 1 DAGs
[2025-09-16T17:20:38.128+0000] {logging_mixin.py:151} INFO - [2025-09-16T17:20:38.127+0000] {dag.py:3696} INFO - Setting next_dagrun for crypto_pipeline_postgres_debug to 2025-09-16T00:00:00+00:00, run_after=2025-09-17T00:00:00+00:00
[2025-09-16T17:20:38.137+0000] {processor.py:179} INFO - Processing /opt/airflow/dags/crypto_pipeline_postgres_debug.py took 0.263 seconds
[2025-09-16T17:21:08.227+0000] {processor.py:157} INFO - Started process (PID=389) to work on /opt/airflow/dags/crypto_pipeline_postgres_debug.py
[2025-09-16T17:21:08.228+0000] {processor.py:829} INFO - Processing file /opt/airflow/dags/crypto_pipeline_postgres_debug.py for tasks to queue
[2025-09-16T17:21:08.228+0000] {logging_mixin.py:151} INFO - [2025-09-16T17:21:08.228+0000] {dagbag.py:539} INFO - Filling up the DagBag from /opt/airflow/dags/crypto_pipeline_postgres_debug.py
[2025-09-16T17:21:08.451+0000] {processor.py:839} INFO - DAG(s) dict_keys(['crypto_pipeline_postgres_debug']) retrieved from /opt/airflow/dags/crypto_pipeline_postgres_debug.py
[2025-09-16T17:21:08.468+0000] {logging_mixin.py:151} INFO - [2025-09-16T17:21:08.468+0000] {dag.py:2915} INFO - Sync 1 DAGs
[2025-09-16T17:21:08.483+0000] {logging_mixin.py:151} INFO - [2025-09-16T17:21:08.483+0000] {dag.py:3696} INFO - Setting next_dagrun for crypto_pipeline_postgres_debug to 2025-09-16T00:00:00+00:00, run_after=2025-09-17T00:00:00+00:00
[2025-09-16T17:21:08.494+0000] {processor.py:179} INFO - Processing /opt/airflow/dags/crypto_pipeline_postgres_debug.py took 0.269 seconds
[2025-09-16T17:21:38.578+0000] {processor.py:157} INFO - Started process (PID=391) to work on /opt/airflow/dags/crypto_pipeline_postgres_debug.py
[2025-09-16T17:21:38.579+0000] {processor.py:829} INFO - Processing file /opt/airflow/dags/crypto_pipeline_postgres_debug.py for tasks to queue
[2025-09-16T17:21:38.579+0000] {logging_mixin.py:151} INFO - [2025-09-16T17:21:38.579+0000] {dagbag.py:539} INFO - Filling up the DagBag from /opt/airflow/dags/crypto_pipeline_postgres_debug.py
[2025-09-16T17:21:38.804+0000] {processor.py:839} INFO - DAG(s) dict_keys(['crypto_pipeline_postgres_debug']) retrieved from /opt/airflow/dags/crypto_pipeline_postgres_debug.py
[2025-09-16T17:21:38.822+0000] {logging_mixin.py:151} INFO - [2025-09-16T17:21:38.821+0000] {dag.py:2915} INFO - Sync 1 DAGs
[2025-09-16T17:21:38.838+0000] {logging_mixin.py:151} INFO - [2025-09-16T17:21:38.838+0000] {dag.py:3696} INFO - Setting next_dagrun for crypto_pipeline_postgres_debug to 2025-09-16T00:00:00+00:00, run_after=2025-09-17T00:00:00+00:00
[2025-09-16T17:21:38.848+0000] {processor.py:179} INFO - Processing /opt/airflow/dags/crypto_pipeline_postgres_debug.py took 0.273 seconds
[2025-09-16T17:22:08.934+0000] {processor.py:157} INFO - Started process (PID=393) to work on /opt/airflow/dags/crypto_pipeline_postgres_debug.py
[2025-09-16T17:22:08.934+0000] {processor.py:829} INFO - Processing file /opt/airflow/dags/crypto_pipeline_postgres_debug.py for tasks to queue
[2025-09-16T17:22:08.935+0000] {logging_mixin.py:151} INFO - [2025-09-16T17:22:08.935+0000] {dagbag.py:539} INFO - Filling up the DagBag from /opt/airflow/dags/crypto_pipeline_postgres_debug.py
[2025-09-16T17:22:09.151+0000] {processor.py:839} INFO - DAG(s) dict_keys(['crypto_pipeline_postgres_debug']) retrieved from /opt/airflow/dags/crypto_pipeline_postgres_debug.py
[2025-09-16T17:22:09.169+0000] {logging_mixin.py:151} INFO - [2025-09-16T17:22:09.169+0000] {dag.py:2915} INFO - Sync 1 DAGs
[2025-09-16T17:22:09.185+0000] {logging_mixin.py:151} INFO - [2025-09-16T17:22:09.185+0000] {dag.py:3696} INFO - Setting next_dagrun for crypto_pipeline_postgres_debug to 2025-09-16T00:00:00+00:00, run_after=2025-09-17T00:00:00+00:00
[2025-09-16T17:22:09.194+0000] {processor.py:179} INFO - Processing /opt/airflow/dags/crypto_pipeline_postgres_debug.py took 0.263 seconds
[2025-09-16T17:22:39.282+0000] {processor.py:157} INFO - Started process (PID=395) to work on /opt/airflow/dags/crypto_pipeline_postgres_debug.py
[2025-09-16T17:22:39.283+0000] {processor.py:829} INFO - Processing file /opt/airflow/dags/crypto_pipeline_postgres_debug.py for tasks to queue
[2025-09-16T17:22:39.283+0000] {logging_mixin.py:151} INFO - [2025-09-16T17:22:39.283+0000] {dagbag.py:539} INFO - Filling up the DagBag from /opt/airflow/dags/crypto_pipeline_postgres_debug.py
[2025-09-16T17:22:39.506+0000] {processor.py:839} INFO - DAG(s) dict_keys(['crypto_pipeline_postgres_debug']) retrieved from /opt/airflow/dags/crypto_pipeline_postgres_debug.py
[2025-09-16T17:22:39.524+0000] {logging_mixin.py:151} INFO - [2025-09-16T17:22:39.523+0000] {dag.py:2915} INFO - Sync 1 DAGs
[2025-09-16T17:22:39.539+0000] {logging_mixin.py:151} INFO - [2025-09-16T17:22:39.539+0000] {dag.py:3696} INFO - Setting next_dagrun for crypto_pipeline_postgres_debug to 2025-09-16T00:00:00+00:00, run_after=2025-09-17T00:00:00+00:00
[2025-09-16T17:22:39.549+0000] {processor.py:179} INFO - Processing /opt/airflow/dags/crypto_pipeline_postgres_debug.py took 0.269 seconds
[2025-09-16T17:23:09.641+0000] {processor.py:157} INFO - Started process (PID=397) to work on /opt/airflow/dags/crypto_pipeline_postgres_debug.py
[2025-09-16T17:23:09.641+0000] {processor.py:829} INFO - Processing file /opt/airflow/dags/crypto_pipeline_postgres_debug.py for tasks to queue
[2025-09-16T17:23:09.642+0000] {logging_mixin.py:151} INFO - [2025-09-16T17:23:09.642+0000] {dagbag.py:539} INFO - Filling up the DagBag from /opt/airflow/dags/crypto_pipeline_postgres_debug.py
[2025-09-16T17:23:09.863+0000] {processor.py:839} INFO - DAG(s) dict_keys(['crypto_pipeline_postgres_debug']) retrieved from /opt/airflow/dags/crypto_pipeline_postgres_debug.py
[2025-09-16T17:23:09.881+0000] {logging_mixin.py:151} INFO - [2025-09-16T17:23:09.880+0000] {dag.py:2915} INFO - Sync 1 DAGs
[2025-09-16T17:23:09.897+0000] {logging_mixin.py:151} INFO - [2025-09-16T17:23:09.897+0000] {dag.py:3696} INFO - Setting next_dagrun for crypto_pipeline_postgres_debug to 2025-09-16T00:00:00+00:00, run_after=2025-09-17T00:00:00+00:00
[2025-09-16T17:23:09.910+0000] {processor.py:179} INFO - Processing /opt/airflow/dags/crypto_pipeline_postgres_debug.py took 0.272 seconds
[2025-09-16T17:23:39.998+0000] {processor.py:157} INFO - Started process (PID=399) to work on /opt/airflow/dags/crypto_pipeline_postgres_debug.py
[2025-09-16T17:23:39.998+0000] {processor.py:829} INFO - Processing file /opt/airflow/dags/crypto_pipeline_postgres_debug.py for tasks to queue
[2025-09-16T17:23:39.999+0000] {logging_mixin.py:151} INFO - [2025-09-16T17:23:39.999+0000] {dagbag.py:539} INFO - Filling up the DagBag from /opt/airflow/dags/crypto_pipeline_postgres_debug.py
[2025-09-16T17:23:40.217+0000] {processor.py:839} INFO - DAG(s) dict_keys(['crypto_pipeline_postgres_debug']) retrieved from /opt/airflow/dags/crypto_pipeline_postgres_debug.py
[2025-09-16T17:23:40.235+0000] {logging_mixin.py:151} INFO - [2025-09-16T17:23:40.235+0000] {dag.py:2915} INFO - Sync 1 DAGs
[2025-09-16T17:23:40.251+0000] {logging_mixin.py:151} INFO - [2025-09-16T17:23:40.251+0000] {dag.py:3696} INFO - Setting next_dagrun for crypto_pipeline_postgres_debug to 2025-09-16T00:00:00+00:00, run_after=2025-09-17T00:00:00+00:00
[2025-09-16T17:23:40.260+0000] {processor.py:179} INFO - Processing /opt/airflow/dags/crypto_pipeline_postgres_debug.py took 0.265 seconds
[2025-09-16T17:24:10.347+0000] {processor.py:157} INFO - Started process (PID=401) to work on /opt/airflow/dags/crypto_pipeline_postgres_debug.py
[2025-09-16T17:24:10.348+0000] {processor.py:829} INFO - Processing file /opt/airflow/dags/crypto_pipeline_postgres_debug.py for tasks to queue
[2025-09-16T17:24:10.349+0000] {logging_mixin.py:151} INFO - [2025-09-16T17:24:10.348+0000] {dagbag.py:539} INFO - Filling up the DagBag from /opt/airflow/dags/crypto_pipeline_postgres_debug.py
[2025-09-16T17:24:10.579+0000] {processor.py:839} INFO - DAG(s) dict_keys(['crypto_pipeline_postgres_debug']) retrieved from /opt/airflow/dags/crypto_pipeline_postgres_debug.py
[2025-09-16T17:24:10.597+0000] {logging_mixin.py:151} INFO - [2025-09-16T17:24:10.597+0000] {dag.py:2915} INFO - Sync 1 DAGs
[2025-09-16T17:24:10.614+0000] {logging_mixin.py:151} INFO - [2025-09-16T17:24:10.614+0000] {dag.py:3696} INFO - Setting next_dagrun for crypto_pipeline_postgres_debug to 2025-09-16T00:00:00+00:00, run_after=2025-09-17T00:00:00+00:00
[2025-09-16T17:24:10.625+0000] {processor.py:179} INFO - Processing /opt/airflow/dags/crypto_pipeline_postgres_debug.py took 0.280 seconds
[2025-09-16T17:24:40.713+0000] {processor.py:157} INFO - Started process (PID=403) to work on /opt/airflow/dags/crypto_pipeline_postgres_debug.py
[2025-09-16T17:24:40.714+0000] {processor.py:829} INFO - Processing file /opt/airflow/dags/crypto_pipeline_postgres_debug.py for tasks to queue
[2025-09-16T17:24:40.715+0000] {logging_mixin.py:151} INFO - [2025-09-16T17:24:40.715+0000] {dagbag.py:539} INFO - Filling up the DagBag from /opt/airflow/dags/crypto_pipeline_postgres_debug.py
[2025-09-16T17:24:40.936+0000] {processor.py:839} INFO - DAG(s) dict_keys(['crypto_pipeline_postgres_debug']) retrieved from /opt/airflow/dags/crypto_pipeline_postgres_debug.py
[2025-09-16T17:24:40.954+0000] {logging_mixin.py:151} INFO - [2025-09-16T17:24:40.954+0000] {dag.py:2915} INFO - Sync 1 DAGs
[2025-09-16T17:24:40.970+0000] {logging_mixin.py:151} INFO - [2025-09-16T17:24:40.970+0000] {dag.py:3696} INFO - Setting next_dagrun for crypto_pipeline_postgres_debug to 2025-09-16T00:00:00+00:00, run_after=2025-09-17T00:00:00+00:00
[2025-09-16T17:24:40.980+0000] {processor.py:179} INFO - Processing /opt/airflow/dags/crypto_pipeline_postgres_debug.py took 0.269 seconds
[2025-09-16T17:25:11.069+0000] {processor.py:157} INFO - Started process (PID=436) to work on /opt/airflow/dags/crypto_pipeline_postgres_debug.py
[2025-09-16T17:25:11.070+0000] {processor.py:829} INFO - Processing file /opt/airflow/dags/crypto_pipeline_postgres_debug.py for tasks to queue
[2025-09-16T17:25:11.070+0000] {logging_mixin.py:151} INFO - [2025-09-16T17:25:11.070+0000] {dagbag.py:539} INFO - Filling up the DagBag from /opt/airflow/dags/crypto_pipeline_postgres_debug.py
[2025-09-16T17:25:11.300+0000] {processor.py:839} INFO - DAG(s) dict_keys(['crypto_pipeline_postgres_debug']) retrieved from /opt/airflow/dags/crypto_pipeline_postgres_debug.py
[2025-09-16T17:25:11.320+0000] {logging_mixin.py:151} INFO - [2025-09-16T17:25:11.320+0000] {dag.py:2915} INFO - Sync 1 DAGs
[2025-09-16T17:25:11.337+0000] {logging_mixin.py:151} INFO - [2025-09-16T17:25:11.336+0000] {dag.py:3696} INFO - Setting next_dagrun for crypto_pipeline_postgres_debug to 2025-09-16T00:00:00+00:00, run_after=2025-09-17T00:00:00+00:00
[2025-09-16T17:25:11.347+0000] {processor.py:179} INFO - Processing /opt/airflow/dags/crypto_pipeline_postgres_debug.py took 0.281 seconds
[2025-09-16T17:25:41.438+0000] {processor.py:157} INFO - Started process (PID=452) to work on /opt/airflow/dags/crypto_pipeline_postgres_debug.py
[2025-09-16T17:25:41.439+0000] {processor.py:829} INFO - Processing file /opt/airflow/dags/crypto_pipeline_postgres_debug.py for tasks to queue
[2025-09-16T17:25:41.440+0000] {logging_mixin.py:151} INFO - [2025-09-16T17:25:41.439+0000] {dagbag.py:539} INFO - Filling up the DagBag from /opt/airflow/dags/crypto_pipeline_postgres_debug.py
[2025-09-16T17:25:41.653+0000] {processor.py:839} INFO - DAG(s) dict_keys(['crypto_pipeline_postgres_debug']) retrieved from /opt/airflow/dags/crypto_pipeline_postgres_debug.py
[2025-09-16T17:25:41.670+0000] {logging_mixin.py:151} INFO - [2025-09-16T17:25:41.670+0000] {dag.py:2915} INFO - Sync 1 DAGs
[2025-09-16T17:25:41.686+0000] {logging_mixin.py:151} INFO - [2025-09-16T17:25:41.686+0000] {dag.py:3696} INFO - Setting next_dagrun for crypto_pipeline_postgres_debug to 2025-09-16T00:00:00+00:00, run_after=2025-09-17T00:00:00+00:00
[2025-09-16T17:25:41.696+0000] {processor.py:179} INFO - Processing /opt/airflow/dags/crypto_pipeline_postgres_debug.py took 0.260 seconds
[2025-09-16T17:26:11.782+0000] {processor.py:157} INFO - Started process (PID=454) to work on /opt/airflow/dags/crypto_pipeline_postgres_debug.py
[2025-09-16T17:26:11.783+0000] {processor.py:829} INFO - Processing file /opt/airflow/dags/crypto_pipeline_postgres_debug.py for tasks to queue
[2025-09-16T17:26:11.783+0000] {logging_mixin.py:151} INFO - [2025-09-16T17:26:11.783+0000] {dagbag.py:539} INFO - Filling up the DagBag from /opt/airflow/dags/crypto_pipeline_postgres_debug.py
[2025-09-16T17:26:12.007+0000] {processor.py:839} INFO - DAG(s) dict_keys(['crypto_pipeline_postgres_debug']) retrieved from /opt/airflow/dags/crypto_pipeline_postgres_debug.py
[2025-09-16T17:26:12.027+0000] {logging_mixin.py:151} INFO - [2025-09-16T17:26:12.026+0000] {dag.py:2915} INFO - Sync 1 DAGs
[2025-09-16T17:26:12.043+0000] {logging_mixin.py:151} INFO - [2025-09-16T17:26:12.043+0000] {dag.py:3696} INFO - Setting next_dagrun for crypto_pipeline_postgres_debug to 2025-09-16T00:00:00+00:00, run_after=2025-09-17T00:00:00+00:00
[2025-09-16T17:26:12.053+0000] {processor.py:179} INFO - Processing /opt/airflow/dags/crypto_pipeline_postgres_debug.py took 0.274 seconds
[2025-09-16T17:26:42.143+0000] {processor.py:157} INFO - Started process (PID=456) to work on /opt/airflow/dags/crypto_pipeline_postgres_debug.py
[2025-09-16T17:26:42.143+0000] {processor.py:829} INFO - Processing file /opt/airflow/dags/crypto_pipeline_postgres_debug.py for tasks to queue
[2025-09-16T17:26:42.144+0000] {logging_mixin.py:151} INFO - [2025-09-16T17:26:42.144+0000] {dagbag.py:539} INFO - Filling up the DagBag from /opt/airflow/dags/crypto_pipeline_postgres_debug.py
[2025-09-16T17:26:42.363+0000] {processor.py:839} INFO - DAG(s) dict_keys(['crypto_pipeline_postgres_debug']) retrieved from /opt/airflow/dags/crypto_pipeline_postgres_debug.py
[2025-09-16T17:26:42.381+0000] {logging_mixin.py:151} INFO - [2025-09-16T17:26:42.380+0000] {dag.py:2915} INFO - Sync 1 DAGs
[2025-09-16T17:26:42.396+0000] {logging_mixin.py:151} INFO - [2025-09-16T17:26:42.396+0000] {dag.py:3696} INFO - Setting next_dagrun for crypto_pipeline_postgres_debug to 2025-09-16T00:00:00+00:00, run_after=2025-09-17T00:00:00+00:00
[2025-09-16T17:26:42.405+0000] {processor.py:179} INFO - Processing /opt/airflow/dags/crypto_pipeline_postgres_debug.py took 0.265 seconds
[2025-09-16T17:27:12.492+0000] {processor.py:157} INFO - Started process (PID=458) to work on /opt/airflow/dags/crypto_pipeline_postgres_debug.py
[2025-09-16T17:27:12.493+0000] {processor.py:829} INFO - Processing file /opt/airflow/dags/crypto_pipeline_postgres_debug.py for tasks to queue
[2025-09-16T17:27:12.493+0000] {logging_mixin.py:151} INFO - [2025-09-16T17:27:12.493+0000] {dagbag.py:539} INFO - Filling up the DagBag from /opt/airflow/dags/crypto_pipeline_postgres_debug.py
[2025-09-16T17:27:12.708+0000] {processor.py:839} INFO - DAG(s) dict_keys(['crypto_pipeline_postgres_debug']) retrieved from /opt/airflow/dags/crypto_pipeline_postgres_debug.py
[2025-09-16T17:27:12.726+0000] {logging_mixin.py:151} INFO - [2025-09-16T17:27:12.725+0000] {dag.py:2915} INFO - Sync 1 DAGs
[2025-09-16T17:27:12.741+0000] {logging_mixin.py:151} INFO - [2025-09-16T17:27:12.741+0000] {dag.py:3696} INFO - Setting next_dagrun for crypto_pipeline_postgres_debug to 2025-09-16T00:00:00+00:00, run_after=2025-09-17T00:00:00+00:00
[2025-09-16T17:27:12.751+0000] {processor.py:179} INFO - Processing /opt/airflow/dags/crypto_pipeline_postgres_debug.py took 0.262 seconds
[2025-09-16T17:27:42.839+0000] {processor.py:157} INFO - Started process (PID=460) to work on /opt/airflow/dags/crypto_pipeline_postgres_debug.py
[2025-09-16T17:27:42.840+0000] {processor.py:829} INFO - Processing file /opt/airflow/dags/crypto_pipeline_postgres_debug.py for tasks to queue
[2025-09-16T17:27:42.841+0000] {logging_mixin.py:151} INFO - [2025-09-16T17:27:42.840+0000] {dagbag.py:539} INFO - Filling up the DagBag from /opt/airflow/dags/crypto_pipeline_postgres_debug.py
[2025-09-16T17:27:43.055+0000] {processor.py:839} INFO - DAG(s) dict_keys(['crypto_pipeline_postgres_debug']) retrieved from /opt/airflow/dags/crypto_pipeline_postgres_debug.py
[2025-09-16T17:27:43.072+0000] {logging_mixin.py:151} INFO - [2025-09-16T17:27:43.072+0000] {dag.py:2915} INFO - Sync 1 DAGs
[2025-09-16T17:27:43.088+0000] {logging_mixin.py:151} INFO - [2025-09-16T17:27:43.088+0000] {dag.py:3696} INFO - Setting next_dagrun for crypto_pipeline_postgres_debug to 2025-09-16T00:00:00+00:00, run_after=2025-09-17T00:00:00+00:00
[2025-09-16T17:27:43.098+0000] {processor.py:179} INFO - Processing /opt/airflow/dags/crypto_pipeline_postgres_debug.py took 0.261 seconds
[2025-09-16T17:28:13.185+0000] {processor.py:157} INFO - Started process (PID=462) to work on /opt/airflow/dags/crypto_pipeline_postgres_debug.py
[2025-09-16T17:28:13.186+0000] {processor.py:829} INFO - Processing file /opt/airflow/dags/crypto_pipeline_postgres_debug.py for tasks to queue
[2025-09-16T17:28:13.186+0000] {logging_mixin.py:151} INFO - [2025-09-16T17:28:13.186+0000] {dagbag.py:539} INFO - Filling up the DagBag from /opt/airflow/dags/crypto_pipeline_postgres_debug.py
[2025-09-16T17:28:13.404+0000] {processor.py:839} INFO - DAG(s) dict_keys(['crypto_pipeline_postgres_debug']) retrieved from /opt/airflow/dags/crypto_pipeline_postgres_debug.py
[2025-09-16T17:28:13.421+0000] {logging_mixin.py:151} INFO - [2025-09-16T17:28:13.421+0000] {dag.py:2915} INFO - Sync 1 DAGs
[2025-09-16T17:28:13.437+0000] {logging_mixin.py:151} INFO - [2025-09-16T17:28:13.437+0000] {dag.py:3696} INFO - Setting next_dagrun for crypto_pipeline_postgres_debug to 2025-09-16T00:00:00+00:00, run_after=2025-09-17T00:00:00+00:00
[2025-09-16T17:28:13.456+0000] {processor.py:179} INFO - Processing /opt/airflow/dags/crypto_pipeline_postgres_debug.py took 0.274 seconds
[2025-09-16T17:28:43.553+0000] {processor.py:157} INFO - Started process (PID=509) to work on /opt/airflow/dags/crypto_pipeline_postgres_debug.py
[2025-09-16T17:28:43.553+0000] {processor.py:829} INFO - Processing file /opt/airflow/dags/crypto_pipeline_postgres_debug.py for tasks to queue
[2025-09-16T17:28:43.554+0000] {logging_mixin.py:151} INFO - [2025-09-16T17:28:43.554+0000] {dagbag.py:539} INFO - Filling up the DagBag from /opt/airflow/dags/crypto_pipeline_postgres_debug.py
[2025-09-16T17:28:43.778+0000] {processor.py:839} INFO - DAG(s) dict_keys(['crypto_pipeline_postgres_debug']) retrieved from /opt/airflow/dags/crypto_pipeline_postgres_debug.py
[2025-09-16T17:28:43.796+0000] {logging_mixin.py:151} INFO - [2025-09-16T17:28:43.795+0000] {dag.py:2915} INFO - Sync 1 DAGs
[2025-09-16T17:28:43.812+0000] {logging_mixin.py:151} INFO - [2025-09-16T17:28:43.812+0000] {dag.py:3696} INFO - Setting next_dagrun for crypto_pipeline_postgres_debug to 2025-09-16T00:00:00+00:00, run_after=2025-09-17T00:00:00+00:00
[2025-09-16T17:28:43.823+0000] {processor.py:179} INFO - Processing /opt/airflow/dags/crypto_pipeline_postgres_debug.py took 0.273 seconds
[2025-09-16T17:29:13.913+0000] {processor.py:157} INFO - Started process (PID=511) to work on /opt/airflow/dags/crypto_pipeline_postgres_debug.py
[2025-09-16T17:29:13.913+0000] {processor.py:829} INFO - Processing file /opt/airflow/dags/crypto_pipeline_postgres_debug.py for tasks to queue
[2025-09-16T17:29:13.914+0000] {logging_mixin.py:151} INFO - [2025-09-16T17:29:13.914+0000] {dagbag.py:539} INFO - Filling up the DagBag from /opt/airflow/dags/crypto_pipeline_postgres_debug.py
[2025-09-16T17:29:14.139+0000] {processor.py:839} INFO - DAG(s) dict_keys(['crypto_pipeline_postgres_debug']) retrieved from /opt/airflow/dags/crypto_pipeline_postgres_debug.py
[2025-09-16T17:29:14.158+0000] {logging_mixin.py:151} INFO - [2025-09-16T17:29:14.157+0000] {dag.py:2915} INFO - Sync 1 DAGs
[2025-09-16T17:29:14.174+0000] {logging_mixin.py:151} INFO - [2025-09-16T17:29:14.174+0000] {dag.py:3696} INFO - Setting next_dagrun for crypto_pipeline_postgres_debug to 2025-09-16T00:00:00+00:00, run_after=2025-09-17T00:00:00+00:00
[2025-09-16T17:29:14.186+0000] {processor.py:179} INFO - Processing /opt/airflow/dags/crypto_pipeline_postgres_debug.py took 0.276 seconds
[2025-09-16T17:29:44.277+0000] {processor.py:157} INFO - Started process (PID=513) to work on /opt/airflow/dags/crypto_pipeline_postgres_debug.py
[2025-09-16T17:29:44.278+0000] {processor.py:829} INFO - Processing file /opt/airflow/dags/crypto_pipeline_postgres_debug.py for tasks to queue
[2025-09-16T17:29:44.278+0000] {logging_mixin.py:151} INFO - [2025-09-16T17:29:44.278+0000] {dagbag.py:539} INFO - Filling up the DagBag from /opt/airflow/dags/crypto_pipeline_postgres_debug.py
[2025-09-16T17:29:44.501+0000] {processor.py:839} INFO - DAG(s) dict_keys(['crypto_pipeline_postgres_debug']) retrieved from /opt/airflow/dags/crypto_pipeline_postgres_debug.py
[2025-09-16T17:29:44.519+0000] {logging_mixin.py:151} INFO - [2025-09-16T17:29:44.519+0000] {dag.py:2915} INFO - Sync 1 DAGs
[2025-09-16T17:29:44.537+0000] {logging_mixin.py:151} INFO - [2025-09-16T17:29:44.537+0000] {dag.py:3696} INFO - Setting next_dagrun for crypto_pipeline_postgres_debug to 2025-09-16T00:00:00+00:00, run_after=2025-09-17T00:00:00+00:00
[2025-09-16T17:29:44.547+0000] {processor.py:179} INFO - Processing /opt/airflow/dags/crypto_pipeline_postgres_debug.py took 0.273 seconds
[2025-09-16T17:30:14.636+0000] {processor.py:157} INFO - Started process (PID=515) to work on /opt/airflow/dags/crypto_pipeline_postgres_debug.py
[2025-09-16T17:30:14.637+0000] {processor.py:829} INFO - Processing file /opt/airflow/dags/crypto_pipeline_postgres_debug.py for tasks to queue
[2025-09-16T17:30:14.637+0000] {logging_mixin.py:151} INFO - [2025-09-16T17:30:14.637+0000] {dagbag.py:539} INFO - Filling up the DagBag from /opt/airflow/dags/crypto_pipeline_postgres_debug.py
[2025-09-16T17:30:14.859+0000] {processor.py:839} INFO - DAG(s) dict_keys(['crypto_pipeline_postgres_debug']) retrieved from /opt/airflow/dags/crypto_pipeline_postgres_debug.py
[2025-09-16T17:30:14.876+0000] {logging_mixin.py:151} INFO - [2025-09-16T17:30:14.876+0000] {dag.py:2915} INFO - Sync 1 DAGs
[2025-09-16T17:30:14.893+0000] {logging_mixin.py:151} INFO - [2025-09-16T17:30:14.893+0000] {dag.py:3696} INFO - Setting next_dagrun for crypto_pipeline_postgres_debug to 2025-09-16T00:00:00+00:00, run_after=2025-09-17T00:00:00+00:00
[2025-09-16T17:30:14.903+0000] {processor.py:179} INFO - Processing /opt/airflow/dags/crypto_pipeline_postgres_debug.py took 0.270 seconds
