[2025-09-16T16:31:53.829+0000] {taskinstance.py:1157} INFO - Dependencies all met for dep_context=non-requeueable deps ti=<TaskInstance: crypto_pipeline_postgres_debug.extract manual__2025-09-16T16:31:48.503414+00:00 [queued]>
[2025-09-16T16:31:53.833+0000] {taskinstance.py:1157} INFO - Dependencies all met for dep_context=requeueable deps ti=<TaskInstance: crypto_pipeline_postgres_debug.extract manual__2025-09-16T16:31:48.503414+00:00 [queued]>
[2025-09-16T16:31:53.833+0000] {taskinstance.py:1359} INFO - Starting attempt 1 of 2
[2025-09-16T16:31:53.841+0000] {taskinstance.py:1380} INFO - Executing <Task(PythonOperator): extract> on 2025-09-16 16:31:48.503414+00:00
[2025-09-16T16:31:53.845+0000] {standard_task_runner.py:57} INFO - Started process 207 to run task
[2025-09-16T16:31:53.847+0000] {standard_task_runner.py:84} INFO - Running: ['***', 'tasks', 'run', 'crypto_pipeline_postgres_debug', 'extract', 'manual__2025-09-16T16:31:48.503414+00:00', '--job-id', '9', '--raw', '--subdir', 'DAGS_FOLDER/coleta_dados.py', '--cfg-path', '/tmp/tmpowid8rqe']
[2025-09-16T16:31:53.848+0000] {standard_task_runner.py:85} INFO - Job 9: Subtask extract
[2025-09-16T16:31:53.877+0000] {task_command.py:415} INFO - Running <TaskInstance: crypto_pipeline_postgres_debug.extract manual__2025-09-16T16:31:48.503414+00:00 [running]> on host 1bf2c2ec56a0
[2025-09-16T16:31:53.921+0000] {taskinstance.py:1660} INFO - Exporting env vars: AIRFLOW_CTX_DAG_OWNER='***' AIRFLOW_CTX_DAG_ID='crypto_pipeline_postgres_debug' AIRFLOW_CTX_TASK_ID='extract' AIRFLOW_CTX_EXECUTION_DATE='2025-09-16T16:31:48.503414+00:00' AIRFLOW_CTX_TRY_NUMBER='1' AIRFLOW_CTX_DAG_RUN_ID='manual__2025-09-16T16:31:48.503414+00:00'
[2025-09-16T16:31:53.921+0000] {logging_mixin.py:151} INFO - === EXTRAÇÃO ===
[2025-09-16T16:31:54.009+0000] {logging_mixin.py:151} INFO - Dados extraídos:
[2025-09-16T16:31:54.029+0000] {logging_mixin.py:151} INFO -          id  ...              last_updated
0   bitcoin  ...  2025-09-16T16:31:50.776Z
1  ethereum  ...  2025-09-16T16:31:50.730Z
2   cardano  ...  2025-09-16T16:31:46.232Z

[3 rows x 26 columns]
[2025-09-16T16:31:54.041+0000] {python.py:194} INFO - Done. Returned value was: None
[2025-09-16T16:31:54.047+0000] {taskinstance.py:1398} INFO - Marking task as SUCCESS. dag_id=crypto_pipeline_postgres_debug, task_id=extract, execution_date=20250916T163148, start_date=20250916T163153, end_date=20250916T163154
[2025-09-16T16:31:54.059+0000] {local_task_job_runner.py:228} INFO - Task exited with return code 0
[2025-09-16T16:31:54.076+0000] {taskinstance.py:2776} INFO - 1 downstream tasks scheduled from follow-on schedule check
