[2025-09-16T15:51:48.948+0000] {taskinstance.py:1157} INFO - Dependencies all met for dep_context=non-requeueable deps ti=<TaskInstance: crypto_pipeline_postgres.transform scheduled__2025-09-15T00:00:00+00:00 [queued]>
[2025-09-16T15:51:48.953+0000] {taskinstance.py:1157} INFO - Dependencies all met for dep_context=requeueable deps ti=<TaskInstance: crypto_pipeline_postgres.transform scheduled__2025-09-15T00:00:00+00:00 [queued]>
[2025-09-16T15:51:48.953+0000] {taskinstance.py:1359} INFO - Starting attempt 1 of 2
[2025-09-16T15:51:48.960+0000] {taskinstance.py:1380} INFO - Executing <Task(PythonOperator): transform> on 2025-09-15 00:00:00+00:00
[2025-09-16T15:51:48.965+0000] {standard_task_runner.py:57} INFO - Started process 82 to run task
[2025-09-16T15:51:48.967+0000] {standard_task_runner.py:84} INFO - Running: ['***', 'tasks', 'run', 'crypto_pipeline_postgres', 'transform', 'scheduled__2025-09-15T00:00:00+00:00', '--job-id', '8', '--raw', '--subdir', 'DAGS_FOLDER/coleta_dados.py', '--cfg-path', '/tmp/tmp6su1ez99']
[2025-09-16T15:51:48.968+0000] {standard_task_runner.py:85} INFO - Job 8: Subtask transform
[2025-09-16T15:51:48.996+0000] {task_command.py:415} INFO - Running <TaskInstance: crypto_pipeline_postgres.transform scheduled__2025-09-15T00:00:00+00:00 [running]> on host f0ba1f59a373
[2025-09-16T15:51:49.039+0000] {taskinstance.py:1660} INFO - Exporting env vars: AIRFLOW_CTX_DAG_OWNER='***' AIRFLOW_CTX_DAG_ID='crypto_pipeline_postgres' AIRFLOW_CTX_TASK_ID='transform' AIRFLOW_CTX_EXECUTION_DATE='2025-09-15T00:00:00+00:00' AIRFLOW_CTX_TRY_NUMBER='1' AIRFLOW_CTX_DAG_RUN_ID='scheduled__2025-09-15T00:00:00+00:00'
[2025-09-16T15:51:49.052+0000] {python.py:194} INFO - Done. Returned value was: None
[2025-09-16T15:51:49.057+0000] {taskinstance.py:1398} INFO - Marking task as SUCCESS. dag_id=crypto_pipeline_postgres, task_id=transform, execution_date=20250915T000000, start_date=20250916T155148, end_date=20250916T155149
[2025-09-16T15:51:49.098+0000] {local_task_job_runner.py:228} INFO - Task exited with return code 0
[2025-09-16T15:51:49.113+0000] {taskinstance.py:2776} INFO - 1 downstream tasks scheduled from follow-on schedule check
[2025-09-16T16:02:57.223+0000] {taskinstance.py:1157} INFO - Dependencies all met for dep_context=non-requeueable deps ti=<TaskInstance: crypto_pipeline_postgres.transform scheduled__2025-09-15T00:00:00+00:00 [queued]>
[2025-09-16T16:02:57.228+0000] {taskinstance.py:1157} INFO - Dependencies all met for dep_context=requeueable deps ti=<TaskInstance: crypto_pipeline_postgres.transform scheduled__2025-09-15T00:00:00+00:00 [queued]>
[2025-09-16T16:02:57.229+0000] {taskinstance.py:1359} INFO - Starting attempt 1 of 2
[2025-09-16T16:02:57.237+0000] {taskinstance.py:1380} INFO - Executing <Task(PythonOperator): transform> on 2025-09-15 00:00:00+00:00
[2025-09-16T16:02:57.241+0000] {standard_task_runner.py:57} INFO - Started process 78 to run task
[2025-09-16T16:02:57.243+0000] {standard_task_runner.py:84} INFO - Running: ['***', 'tasks', 'run', 'crypto_pipeline_postgres', 'transform', 'scheduled__2025-09-15T00:00:00+00:00', '--job-id', '4', '--raw', '--subdir', 'DAGS_FOLDER/coleta_dados.py', '--cfg-path', '/tmp/tmp4sumv3g6']
[2025-09-16T16:02:57.244+0000] {standard_task_runner.py:85} INFO - Job 4: Subtask transform
[2025-09-16T16:02:57.273+0000] {task_command.py:415} INFO - Running <TaskInstance: crypto_pipeline_postgres.transform scheduled__2025-09-15T00:00:00+00:00 [running]> on host 529eb878ec8c
[2025-09-16T16:02:57.318+0000] {taskinstance.py:1660} INFO - Exporting env vars: AIRFLOW_CTX_DAG_OWNER='***' AIRFLOW_CTX_DAG_ID='crypto_pipeline_postgres' AIRFLOW_CTX_TASK_ID='transform' AIRFLOW_CTX_EXECUTION_DATE='2025-09-15T00:00:00+00:00' AIRFLOW_CTX_TRY_NUMBER='1' AIRFLOW_CTX_DAG_RUN_ID='scheduled__2025-09-15T00:00:00+00:00'
[2025-09-16T16:02:57.327+0000] {python.py:194} INFO - Done. Returned value was: None
[2025-09-16T16:02:57.333+0000] {taskinstance.py:1398} INFO - Marking task as SUCCESS. dag_id=crypto_pipeline_postgres, task_id=transform, execution_date=20250915T000000, start_date=20250916T160257, end_date=20250916T160257
[2025-09-16T16:02:57.374+0000] {local_task_job_runner.py:228} INFO - Task exited with return code 0
[2025-09-16T16:02:57.388+0000] {taskinstance.py:2776} INFO - 1 downstream tasks scheduled from follow-on schedule check
[2025-09-16T16:14:07.795+0000] {taskinstance.py:1157} INFO - Dependencies all met for dep_context=non-requeueable deps ti=<TaskInstance: crypto_pipeline_postgres.transform scheduled__2025-09-15T00:00:00+00:00 [queued]>
[2025-09-16T16:14:07.801+0000] {taskinstance.py:1157} INFO - Dependencies all met for dep_context=requeueable deps ti=<TaskInstance: crypto_pipeline_postgres.transform scheduled__2025-09-15T00:00:00+00:00 [queued]>
[2025-09-16T16:14:07.802+0000] {taskinstance.py:1359} INFO - Starting attempt 1 of 2
[2025-09-16T16:14:07.811+0000] {taskinstance.py:1380} INFO - Executing <Task(PythonOperator): transform> on 2025-09-15 00:00:00+00:00
[2025-09-16T16:14:07.815+0000] {standard_task_runner.py:57} INFO - Started process 80 to run task
[2025-09-16T16:14:07.817+0000] {standard_task_runner.py:84} INFO - Running: ['***', 'tasks', 'run', 'crypto_pipeline_postgres', 'transform', 'scheduled__2025-09-15T00:00:00+00:00', '--job-id', '4', '--raw', '--subdir', 'DAGS_FOLDER/coleta_dados.py', '--cfg-path', '/tmp/tmpauv084i_']
[2025-09-16T16:14:07.818+0000] {standard_task_runner.py:85} INFO - Job 4: Subtask transform
[2025-09-16T16:14:07.847+0000] {task_command.py:415} INFO - Running <TaskInstance: crypto_pipeline_postgres.transform scheduled__2025-09-15T00:00:00+00:00 [running]> on host 5a564937ffb3
[2025-09-16T16:14:07.893+0000] {taskinstance.py:1660} INFO - Exporting env vars: AIRFLOW_CTX_DAG_OWNER='***' AIRFLOW_CTX_DAG_ID='crypto_pipeline_postgres' AIRFLOW_CTX_TASK_ID='transform' AIRFLOW_CTX_EXECUTION_DATE='2025-09-15T00:00:00+00:00' AIRFLOW_CTX_TRY_NUMBER='1' AIRFLOW_CTX_DAG_RUN_ID='scheduled__2025-09-15T00:00:00+00:00'
[2025-09-16T16:14:07.905+0000] {python.py:194} INFO - Done. Returned value was: None
[2025-09-16T16:14:07.911+0000] {taskinstance.py:1398} INFO - Marking task as SUCCESS. dag_id=crypto_pipeline_postgres, task_id=transform, execution_date=20250915T000000, start_date=20250916T161407, end_date=20250916T161407
[2025-09-16T16:14:07.949+0000] {local_task_job_runner.py:228} INFO - Task exited with return code 0
[2025-09-16T16:14:07.963+0000] {taskinstance.py:2776} INFO - 1 downstream tasks scheduled from follow-on schedule check
[2025-09-16T16:23:29.445+0000] {taskinstance.py:1157} INFO - Dependencies all met for dep_context=non-requeueable deps ti=<TaskInstance: crypto_pipeline_postgres.transform scheduled__2025-09-15T00:00:00+00:00 [queued]>
[2025-09-16T16:23:29.449+0000] {taskinstance.py:1157} INFO - Dependencies all met for dep_context=requeueable deps ti=<TaskInstance: crypto_pipeline_postgres.transform scheduled__2025-09-15T00:00:00+00:00 [queued]>
[2025-09-16T16:23:29.450+0000] {taskinstance.py:1359} INFO - Starting attempt 1 of 2
[2025-09-16T16:23:29.458+0000] {taskinstance.py:1380} INFO - Executing <Task(PythonOperator): transform> on 2025-09-15 00:00:00+00:00
[2025-09-16T16:23:29.462+0000] {standard_task_runner.py:57} INFO - Started process 84 to run task
[2025-09-16T16:23:29.465+0000] {standard_task_runner.py:84} INFO - Running: ['***', 'tasks', 'run', 'crypto_pipeline_postgres', 'transform', 'scheduled__2025-09-15T00:00:00+00:00', '--job-id', '4', '--raw', '--subdir', 'DAGS_FOLDER/coleta_dados.py', '--cfg-path', '/tmp/tmpz4dm4a0o']
[2025-09-16T16:23:29.466+0000] {standard_task_runner.py:85} INFO - Job 4: Subtask transform
[2025-09-16T16:23:29.495+0000] {task_command.py:415} INFO - Running <TaskInstance: crypto_pipeline_postgres.transform scheduled__2025-09-15T00:00:00+00:00 [running]> on host 1bf2c2ec56a0
[2025-09-16T16:23:29.542+0000] {taskinstance.py:1660} INFO - Exporting env vars: AIRFLOW_CTX_DAG_OWNER='***' AIRFLOW_CTX_DAG_ID='crypto_pipeline_postgres' AIRFLOW_CTX_TASK_ID='transform' AIRFLOW_CTX_EXECUTION_DATE='2025-09-15T00:00:00+00:00' AIRFLOW_CTX_TRY_NUMBER='1' AIRFLOW_CTX_DAG_RUN_ID='scheduled__2025-09-15T00:00:00+00:00'
[2025-09-16T16:23:29.555+0000] {python.py:194} INFO - Done. Returned value was: None
[2025-09-16T16:23:29.561+0000] {taskinstance.py:1398} INFO - Marking task as SUCCESS. dag_id=crypto_pipeline_postgres, task_id=transform, execution_date=20250915T000000, start_date=20250916T162329, end_date=20250916T162329
[2025-09-16T16:23:29.596+0000] {local_task_job_runner.py:228} INFO - Task exited with return code 0
[2025-09-16T16:23:29.611+0000] {taskinstance.py:2776} INFO - 1 downstream tasks scheduled from follow-on schedule check
