[2025-09-16T16:38:20.977+0000] {taskinstance.py:1157} INFO - Dependencies all met for dep_context=non-requeueable deps ti=<TaskInstance: crypto_pipeline_postgres_debug.extract manual__2025-09-16T16:38:18.276266+00:00 [queued]>
[2025-09-16T16:38:20.982+0000] {taskinstance.py:1157} INFO - Dependencies all met for dep_context=requeueable deps ti=<TaskInstance: crypto_pipeline_postgres_debug.extract manual__2025-09-16T16:38:18.276266+00:00 [queued]>
[2025-09-16T16:38:20.982+0000] {taskinstance.py:1359} INFO - Starting attempt 1 of 2
[2025-09-16T16:38:20.989+0000] {taskinstance.py:1380} INFO - Executing <Task(PythonOperator): extract> on 2025-09-16 16:38:18.276266+00:00
[2025-09-16T16:38:20.993+0000] {standard_task_runner.py:57} INFO - Started process 50 to run task
[2025-09-16T16:38:20.995+0000] {standard_task_runner.py:84} INFO - Running: ['***', 'tasks', 'run', 'crypto_pipeline_postgres_debug', 'extract', 'manual__2025-09-16T16:38:18.276266+00:00', '--job-id', '9', '--raw', '--subdir', 'DAGS_FOLDER/coleta_dados.py', '--cfg-path', '/tmp/tmpe5nxpa_3']
[2025-09-16T16:38:20.996+0000] {standard_task_runner.py:85} INFO - Job 9: Subtask extract
[2025-09-16T16:38:21.025+0000] {task_command.py:415} INFO - Running <TaskInstance: crypto_pipeline_postgres_debug.extract manual__2025-09-16T16:38:18.276266+00:00 [running]> on host c990452d66b1
[2025-09-16T16:38:21.074+0000] {taskinstance.py:1660} INFO - Exporting env vars: AIRFLOW_CTX_DAG_OWNER='***' AIRFLOW_CTX_DAG_ID='crypto_pipeline_postgres_debug' AIRFLOW_CTX_TASK_ID='extract' AIRFLOW_CTX_EXECUTION_DATE='2025-09-16T16:38:18.276266+00:00' AIRFLOW_CTX_TRY_NUMBER='1' AIRFLOW_CTX_DAG_RUN_ID='manual__2025-09-16T16:38:18.276266+00:00'
[2025-09-16T16:38:21.074+0000] {logging_mixin.py:151} INFO - === EXTRAÇÃO ===
[2025-09-16T16:38:21.350+0000] {logging_mixin.py:151} INFO - Dados extraídos:
[2025-09-16T16:38:21.372+0000] {logging_mixin.py:151} INFO -          id  ...              last_updated
0   bitcoin  ...  2025-09-16T16:38:15.424Z
1  ethereum  ...  2025-09-16T16:38:15.259Z
2   cardano  ...  2025-09-16T16:38:16.972Z

[3 rows x 26 columns]
[2025-09-16T16:38:21.384+0000] {python.py:194} INFO - Done. Returned value was: None
[2025-09-16T16:38:21.390+0000] {taskinstance.py:1398} INFO - Marking task as SUCCESS. dag_id=crypto_pipeline_postgres_debug, task_id=extract, execution_date=20250916T163818, start_date=20250916T163820, end_date=20250916T163821
[2025-09-16T16:38:21.407+0000] {local_task_job_runner.py:228} INFO - Task exited with return code 0
[2025-09-16T16:38:21.425+0000] {taskinstance.py:2776} INFO - 1 downstream tasks scheduled from follow-on schedule check
