[2025-09-16T17:28:20.495+0000] {taskinstance.py:1157} INFO - Dependencies all met for dep_context=non-requeueable deps ti=<TaskInstance: crypto_pipeline_postgres_debug.extract manual__2025-09-16T17:28:18.057176+00:00 [queued]>
[2025-09-16T17:28:20.500+0000] {taskinstance.py:1157} INFO - Dependencies all met for dep_context=requeueable deps ti=<TaskInstance: crypto_pipeline_postgres_debug.extract manual__2025-09-16T17:28:18.057176+00:00 [queued]>
[2025-09-16T17:28:20.500+0000] {taskinstance.py:1359} INFO - Starting attempt 1 of 2
[2025-09-16T17:28:20.508+0000] {taskinstance.py:1380} INFO - Executing <Task(PythonOperator): extract> on 2025-09-16 17:28:18.057176+00:00
[2025-09-16T17:28:20.512+0000] {standard_task_runner.py:57} INFO - Started process 478 to run task
[2025-09-16T17:28:20.515+0000] {standard_task_runner.py:84} INFO - Running: ['***', 'tasks', 'run', 'crypto_pipeline_postgres_debug', 'extract', 'manual__2025-09-16T17:28:18.057176+00:00', '--job-id', '45', '--raw', '--subdir', 'DAGS_FOLDER/crypto_pipeline_postgres_debug.py', '--cfg-path', '/tmp/tmp_3c4ayga']
[2025-09-16T17:28:20.516+0000] {standard_task_runner.py:85} INFO - Job 45: Subtask extract
[2025-09-16T17:28:20.544+0000] {task_command.py:415} INFO - Running <TaskInstance: crypto_pipeline_postgres_debug.extract manual__2025-09-16T17:28:18.057176+00:00 [running]> on host 958f44e9a439
[2025-09-16T17:28:20.598+0000] {taskinstance.py:1660} INFO - Exporting env vars: AIRFLOW_CTX_DAG_OWNER='***' AIRFLOW_CTX_DAG_ID='crypto_pipeline_postgres_debug' AIRFLOW_CTX_TASK_ID='extract' AIRFLOW_CTX_EXECUTION_DATE='2025-09-16T17:28:18.057176+00:00' AIRFLOW_CTX_TRY_NUMBER='1' AIRFLOW_CTX_DAG_RUN_ID='manual__2025-09-16T17:28:18.057176+00:00'
[2025-09-16T17:28:20.599+0000] {logging_mixin.py:151} INFO - === EXTRAÇÃO ===
[2025-09-16T17:28:20.898+0000] {logging_mixin.py:151} INFO - Dados extraídos:
[2025-09-16T17:28:20.920+0000] {logging_mixin.py:151} INFO -          id  ...              last_updated
0   bitcoin  ...  2025-09-16T17:28:16.344Z
1  ethereum  ...  2025-09-16T17:28:16.806Z
2   cardano  ...  2025-09-16T17:28:14.553Z

[3 rows x 26 columns]
[2025-09-16T17:28:20.931+0000] {python.py:194} INFO - Done. Returned value was: None
[2025-09-16T17:28:20.938+0000] {taskinstance.py:1398} INFO - Marking task as SUCCESS. dag_id=crypto_pipeline_postgres_debug, task_id=extract, execution_date=20250916T172818, start_date=20250916T172820, end_date=20250916T172820
[2025-09-16T17:28:20.967+0000] {local_task_job_runner.py:228} INFO - Task exited with return code 0
[2025-09-16T17:28:20.986+0000] {taskinstance.py:2776} INFO - 1 downstream tasks scheduled from follow-on schedule check
