[2025-09-16T17:25:12.880+0000] {taskinstance.py:1157} INFO - Dependencies all met for dep_context=non-requeueable deps ti=<TaskInstance: crypto_pipeline_postgres_debug.load manual__2025-09-16T17:25:04.831150+00:00 [queued]>
[2025-09-16T17:25:12.886+0000] {taskinstance.py:1157} INFO - Dependencies all met for dep_context=requeueable deps ti=<TaskInstance: crypto_pipeline_postgres_debug.load manual__2025-09-16T17:25:04.831150+00:00 [queued]>
[2025-09-16T17:25:12.886+0000] {taskinstance.py:1359} INFO - Starting attempt 1 of 2
[2025-09-16T17:25:12.894+0000] {taskinstance.py:1380} INFO - Executing <Task(PythonOperator): load> on 2025-09-16 17:25:04.831150+00:00
[2025-09-16T17:25:12.900+0000] {standard_task_runner.py:57} INFO - Started process 451 to run task
[2025-09-16T17:25:12.902+0000] {standard_task_runner.py:84} INFO - Running: ['***', 'tasks', 'run', 'crypto_pipeline_postgres_debug', 'load', 'manual__2025-09-16T17:25:04.831150+00:00', '--job-id', '44', '--raw', '--subdir', 'DAGS_FOLDER/crypto_pipeline_postgres_debug.py', '--cfg-path', '/tmp/tmp6d5wa2t1']
[2025-09-16T17:25:12.903+0000] {standard_task_runner.py:85} INFO - Job 44: Subtask load
[2025-09-16T17:25:12.935+0000] {task_command.py:415} INFO - Running <TaskInstance: crypto_pipeline_postgres_debug.load manual__2025-09-16T17:25:04.831150+00:00 [running]> on host 958f44e9a439
[2025-09-16T17:25:12.987+0000] {taskinstance.py:1660} INFO - Exporting env vars: AIRFLOW_CTX_DAG_OWNER='***' AIRFLOW_CTX_DAG_ID='crypto_pipeline_postgres_debug' AIRFLOW_CTX_TASK_ID='load' AIRFLOW_CTX_EXECUTION_DATE='2025-09-16T17:25:04.831150+00:00' AIRFLOW_CTX_TRY_NUMBER='1' AIRFLOW_CTX_DAG_RUN_ID='manual__2025-09-16T17:25:04.831150+00:00'
[2025-09-16T17:25:12.988+0000] {logging_mixin.py:151} INFO - === CARREGAMENTO ===
[2025-09-16T17:25:12.996+0000] {logging_mixin.py:151} INFO - Dados a serem inseridos:
[2025-09-16T17:25:13.010+0000] {logging_mixin.py:151} INFO -          id symbol  ... price_change_ratio  is_profitable
0   bitcoin    btc  ...           1.016525          False
1  ethereum    eth  ...           1.023715          False
2   cardano    ada  ...           1.026403          False

[3 rows x 11 columns]
[2025-09-16T17:25:13.016+0000] {base.py:73} INFO - Using connection ID 'postgres_default' for task execution.
[2025-09-16T17:25:13.020+0000] {logging_mixin.py:151} INFO - Garantindo que schema e tabela existam...
[2025-09-16T17:25:13.021+0000] {logging_mixin.py:151} INFO - Inserindo 3 linhas no banco...
[2025-09-16T17:25:13.028+0000] {logging_mixin.py:151} INFO - Dados inseridos com sucesso!
[2025-09-16T17:25:13.028+0000] {python.py:194} INFO - Done. Returned value was: None
[2025-09-16T17:25:13.035+0000] {taskinstance.py:1398} INFO - Marking task as SUCCESS. dag_id=crypto_pipeline_postgres_debug, task_id=load, execution_date=20250916T172504, start_date=20250916T172512, end_date=20250916T172513
[2025-09-16T17:25:13.074+0000] {local_task_job_runner.py:228} INFO - Task exited with return code 0
[2025-09-16T17:25:13.085+0000] {taskinstance.py:2776} INFO - 0 downstream tasks scheduled from follow-on schedule check
