[2025-05-27T00:04:17.731+0000] {taskinstance.py:1157} INFO - Dependencies all met for dep_context=non-requeueable deps ti=<TaskInstance: coletar_dados_api.extrair_e_processar scheduled__2025-05-26T00:00:00+00:00 [queued]>
[2025-05-27T00:04:17.736+0000] {taskinstance.py:1157} INFO - Dependencies all met for dep_context=requeueable deps ti=<TaskInstance: coletar_dados_api.extrair_e_processar scheduled__2025-05-26T00:00:00+00:00 [queued]>
[2025-05-27T00:04:17.736+0000] {taskinstance.py:1359} INFO - Starting attempt 1 of 2
[2025-05-27T00:04:17.744+0000] {taskinstance.py:1380} INFO - Executing <Task(PythonOperator): extrair_e_processar> on 2025-05-26 00:00:00+00:00
[2025-05-27T00:04:17.748+0000] {standard_task_runner.py:57} INFO - Started process 48 to run task
[2025-05-27T00:04:17.750+0000] {standard_task_runner.py:84} INFO - Running: ['***', 'tasks', 'run', 'coletar_dados_api', 'extrair_e_processar', 'scheduled__2025-05-26T00:00:00+00:00', '--job-id', '2', '--raw', '--subdir', 'DAGS_FOLDER/coleta_dados.py', '--cfg-path', '/tmp/tmpmsm0nlv6']
[2025-05-27T00:04:17.751+0000] {standard_task_runner.py:85} INFO - Job 2: Subtask extrair_e_processar
[2025-05-27T00:04:17.779+0000] {task_command.py:415} INFO - Running <TaskInstance: coletar_dados_api.extrair_e_processar scheduled__2025-05-26T00:00:00+00:00 [running]> on host caf042497311
[2025-05-27T00:04:17.825+0000] {taskinstance.py:1660} INFO - Exporting env vars: AIRFLOW_CTX_DAG_OWNER='***' AIRFLOW_CTX_DAG_ID='coletar_dados_api' AIRFLOW_CTX_TASK_ID='extrair_e_processar' AIRFLOW_CTX_EXECUTION_DATE='2025-05-26T00:00:00+00:00' AIRFLOW_CTX_TRY_NUMBER='1' AIRFLOW_CTX_DAG_RUN_ID='scheduled__2025-05-26T00:00:00+00:00'
[2025-05-27T00:04:17.919+0000] {python.py:194} INFO - Done. Returned value was: None
[2025-05-27T00:04:17.926+0000] {taskinstance.py:1398} INFO - Marking task as SUCCESS. dag_id=coletar_dados_api, task_id=extrair_e_processar, execution_date=20250526T000000, start_date=20250527T000417, end_date=20250527T000417
[2025-05-27T00:04:17.962+0000] {local_task_job_runner.py:228} INFO - Task exited with return code 0
[2025-05-27T00:04:17.972+0000] {taskinstance.py:2776} INFO - 0 downstream tasks scheduled from follow-on schedule check
[2025-05-27T00:08:04.137+0000] {taskinstance.py:1157} INFO - Dependencies all met for dep_context=non-requeueable deps ti=<TaskInstance: coletar_dados_api.extrair_e_processar scheduled__2025-05-26T00:00:00+00:00 [queued]>
[2025-05-27T00:08:04.142+0000] {taskinstance.py:1157} INFO - Dependencies all met for dep_context=requeueable deps ti=<TaskInstance: coletar_dados_api.extrair_e_processar scheduled__2025-05-26T00:00:00+00:00 [queued]>
[2025-05-27T00:08:04.142+0000] {taskinstance.py:1359} INFO - Starting attempt 1 of 2
[2025-05-27T00:08:04.150+0000] {taskinstance.py:1380} INFO - Executing <Task(PythonOperator): extrair_e_processar> on 2025-05-26 00:00:00+00:00
[2025-05-27T00:08:04.154+0000] {standard_task_runner.py:57} INFO - Started process 48 to run task
[2025-05-27T00:08:04.156+0000] {standard_task_runner.py:84} INFO - Running: ['***', 'tasks', 'run', 'coletar_dados_api', 'extrair_e_processar', 'scheduled__2025-05-26T00:00:00+00:00', '--job-id', '2', '--raw', '--subdir', 'DAGS_FOLDER/coleta_dados.py', '--cfg-path', '/tmp/tmpnuv1wdmo']
[2025-05-27T00:08:04.157+0000] {standard_task_runner.py:85} INFO - Job 2: Subtask extrair_e_processar
[2025-05-27T00:08:04.185+0000] {task_command.py:415} INFO - Running <TaskInstance: coletar_dados_api.extrair_e_processar scheduled__2025-05-26T00:00:00+00:00 [running]> on host e6cbb29dfd66
[2025-05-27T00:08:04.233+0000] {taskinstance.py:1660} INFO - Exporting env vars: AIRFLOW_CTX_DAG_OWNER='***' AIRFLOW_CTX_DAG_ID='coletar_dados_api' AIRFLOW_CTX_TASK_ID='extrair_e_processar' AIRFLOW_CTX_EXECUTION_DATE='2025-05-26T00:00:00+00:00' AIRFLOW_CTX_TRY_NUMBER='1' AIRFLOW_CTX_DAG_RUN_ID='scheduled__2025-05-26T00:00:00+00:00'
[2025-05-27T00:08:04.328+0000] {python.py:194} INFO - Done. Returned value was: None
[2025-05-27T00:08:04.335+0000] {taskinstance.py:1398} INFO - Marking task as SUCCESS. dag_id=coletar_dados_api, task_id=extrair_e_processar, execution_date=20250526T000000, start_date=20250527T000804, end_date=20250527T000804
[2025-05-27T00:08:04.368+0000] {local_task_job_runner.py:228} INFO - Task exited with return code 0
[2025-05-27T00:08:04.379+0000] {taskinstance.py:2776} INFO - 0 downstream tasks scheduled from follow-on schedule check
[2025-05-27T00:10:12.854+0000] {taskinstance.py:1157} INFO - Dependencies all met for dep_context=non-requeueable deps ti=<TaskInstance: coletar_dados_api.extrair_e_processar scheduled__2025-05-26T00:00:00+00:00 [queued]>
[2025-05-27T00:10:12.859+0000] {taskinstance.py:1157} INFO - Dependencies all met for dep_context=requeueable deps ti=<TaskInstance: coletar_dados_api.extrair_e_processar scheduled__2025-05-26T00:00:00+00:00 [queued]>
[2025-05-27T00:10:12.859+0000] {taskinstance.py:1359} INFO - Starting attempt 1 of 2
[2025-05-27T00:10:12.867+0000] {taskinstance.py:1380} INFO - Executing <Task(PythonOperator): extrair_e_processar> on 2025-05-26 00:00:00+00:00
[2025-05-27T00:10:12.871+0000] {standard_task_runner.py:57} INFO - Started process 48 to run task
[2025-05-27T00:10:12.873+0000] {standard_task_runner.py:84} INFO - Running: ['***', 'tasks', 'run', 'coletar_dados_api', 'extrair_e_processar', 'scheduled__2025-05-26T00:00:00+00:00', '--job-id', '2', '--raw', '--subdir', 'DAGS_FOLDER/coleta_dados.py', '--cfg-path', '/tmp/tmpl6vksnx1']
[2025-05-27T00:10:12.874+0000] {standard_task_runner.py:85} INFO - Job 2: Subtask extrair_e_processar
[2025-05-27T00:10:12.904+0000] {task_command.py:415} INFO - Running <TaskInstance: coletar_dados_api.extrair_e_processar scheduled__2025-05-26T00:00:00+00:00 [running]> on host 11816b73a55f
[2025-05-27T00:10:12.959+0000] {taskinstance.py:1660} INFO - Exporting env vars: AIRFLOW_CTX_DAG_OWNER='***' AIRFLOW_CTX_DAG_ID='coletar_dados_api' AIRFLOW_CTX_TASK_ID='extrair_e_processar' AIRFLOW_CTX_EXECUTION_DATE='2025-05-26T00:00:00+00:00' AIRFLOW_CTX_TRY_NUMBER='1' AIRFLOW_CTX_DAG_RUN_ID='scheduled__2025-05-26T00:00:00+00:00'
[2025-05-27T00:10:13.045+0000] {python.py:194} INFO - Done. Returned value was: None
[2025-05-27T00:10:13.052+0000] {taskinstance.py:1398} INFO - Marking task as SUCCESS. dag_id=coletar_dados_api, task_id=extrair_e_processar, execution_date=20250526T000000, start_date=20250527T001012, end_date=20250527T001013
[2025-05-27T00:10:13.085+0000] {local_task_job_runner.py:228} INFO - Task exited with return code 0
[2025-05-27T00:10:13.096+0000] {taskinstance.py:2776} INFO - 0 downstream tasks scheduled from follow-on schedule check
