[2025-09-16T17:16:51.573+0000] {taskinstance.py:1157} INFO - Dependencies all met for dep_context=non-requeueable deps ti=<TaskInstance: crypto_pipeline_postgres_debug.extract scheduled__2025-09-15T00:00:00+00:00 [queued]>
[2025-09-16T17:16:51.578+0000] {taskinstance.py:1157} INFO - Dependencies all met for dep_context=requeueable deps ti=<TaskInstance: crypto_pipeline_postgres_debug.extract scheduled__2025-09-15T00:00:00+00:00 [queued]>
[2025-09-16T17:16:51.578+0000] {taskinstance.py:1359} INFO - Starting attempt 2 of 3
[2025-09-16T17:16:51.586+0000] {taskinstance.py:1380} INFO - Executing <Task(PythonOperator): extract> on 2025-09-15 00:00:00+00:00
[2025-09-16T17:16:51.590+0000] {standard_task_runner.py:57} INFO - Started process 162 to run task
[2025-09-16T17:16:51.593+0000] {standard_task_runner.py:84} INFO - Running: ['***', 'tasks', 'run', 'crypto_pipeline_postgres_debug', 'extract', 'scheduled__2025-09-15T00:00:00+00:00', '--job-id', '27', '--raw', '--subdir', 'DAGS_FOLDER/crypto_pipeline_postgres_debug.py', '--cfg-path', '/tmp/tmps0y0ufy8']
[2025-09-16T17:16:51.594+0000] {standard_task_runner.py:85} INFO - Job 27: Subtask extract
[2025-09-16T17:16:51.623+0000] {task_command.py:415} INFO - Running <TaskInstance: crypto_pipeline_postgres_debug.extract scheduled__2025-09-15T00:00:00+00:00 [running]> on host 958f44e9a439
[2025-09-16T17:16:51.670+0000] {taskinstance.py:1660} INFO - Exporting env vars: AIRFLOW_CTX_DAG_OWNER='***' AIRFLOW_CTX_DAG_ID='crypto_pipeline_postgres_debug' AIRFLOW_CTX_TASK_ID='extract' AIRFLOW_CTX_EXECUTION_DATE='2025-09-15T00:00:00+00:00' AIRFLOW_CTX_TRY_NUMBER='2' AIRFLOW_CTX_DAG_RUN_ID='scheduled__2025-09-15T00:00:00+00:00'
[2025-09-16T17:16:51.671+0000] {logging_mixin.py:151} INFO - === EXTRAÇÃO ===
[2025-09-16T17:16:51.966+0000] {logging_mixin.py:151} INFO - Dados extraídos:
[2025-09-16T17:16:51.986+0000] {logging_mixin.py:151} INFO -          id  ...              last_updated
0   bitcoin  ...  2025-09-16T17:16:43.975Z
1  ethereum  ...  2025-09-16T17:16:44.002Z
2   cardano  ...  2025-09-16T17:16:44.797Z

[3 rows x 26 columns]
[2025-09-16T17:16:51.997+0000] {python.py:194} INFO - Done. Returned value was: None
[2025-09-16T17:16:52.003+0000] {taskinstance.py:1398} INFO - Marking task as SUCCESS. dag_id=crypto_pipeline_postgres_debug, task_id=extract, execution_date=20250915T000000, start_date=20250916T171651, end_date=20250916T171652
[2025-09-16T17:16:52.045+0000] {local_task_job_runner.py:228} INFO - Task exited with return code 0
[2025-09-16T17:16:52.062+0000] {taskinstance.py:2776} INFO - 1 downstream tasks scheduled from follow-on schedule check
