[2025-09-16T16:31:51.103+0000] {taskinstance.py:1157} INFO - Dependencies all met for dep_context=non-requeueable deps ti=<TaskInstance: crypto_pipeline_postgres_debug.extract scheduled__2025-09-15T00:00:00+00:00 [queued]>
[2025-09-16T16:31:51.108+0000] {taskinstance.py:1157} INFO - Dependencies all met for dep_context=requeueable deps ti=<TaskInstance: crypto_pipeline_postgres_debug.extract scheduled__2025-09-15T00:00:00+00:00 [queued]>
[2025-09-16T16:31:51.108+0000] {taskinstance.py:1359} INFO - Starting attempt 1 of 2
[2025-09-16T16:31:51.116+0000] {taskinstance.py:1380} INFO - Executing <Task(PythonOperator): extract> on 2025-09-15 00:00:00+00:00
[2025-09-16T16:31:51.120+0000] {standard_task_runner.py:57} INFO - Started process 192 to run task
[2025-09-16T16:31:51.122+0000] {standard_task_runner.py:84} INFO - Running: ['***', 'tasks', 'run', 'crypto_pipeline_postgres_debug', 'extract', 'scheduled__2025-09-15T00:00:00+00:00', '--job-id', '8', '--raw', '--subdir', 'DAGS_FOLDER/coleta_dados.py', '--cfg-path', '/tmp/tmpzs0v1yfs']
[2025-09-16T16:31:51.124+0000] {standard_task_runner.py:85} INFO - Job 8: Subtask extract
[2025-09-16T16:31:51.156+0000] {task_command.py:415} INFO - Running <TaskInstance: crypto_pipeline_postgres_debug.extract scheduled__2025-09-15T00:00:00+00:00 [running]> on host 1bf2c2ec56a0
[2025-09-16T16:31:51.200+0000] {taskinstance.py:1660} INFO - Exporting env vars: AIRFLOW_CTX_DAG_OWNER='***' AIRFLOW_CTX_DAG_ID='crypto_pipeline_postgres_debug' AIRFLOW_CTX_TASK_ID='extract' AIRFLOW_CTX_EXECUTION_DATE='2025-09-15T00:00:00+00:00' AIRFLOW_CTX_TRY_NUMBER='1' AIRFLOW_CTX_DAG_RUN_ID='scheduled__2025-09-15T00:00:00+00:00'
[2025-09-16T16:31:51.201+0000] {logging_mixin.py:151} INFO - === EXTRAÇÃO ===
[2025-09-16T16:31:51.543+0000] {logging_mixin.py:151} INFO - Dados extraídos:
[2025-09-16T16:31:51.568+0000] {logging_mixin.py:151} INFO -          id  ...              last_updated
0   bitcoin  ...  2025-09-16T16:31:50.776Z
1  ethereum  ...  2025-09-16T16:31:50.730Z
2   cardano  ...  2025-09-16T16:31:46.232Z

[3 rows x 26 columns]
[2025-09-16T16:31:51.580+0000] {python.py:194} INFO - Done. Returned value was: None
[2025-09-16T16:31:51.586+0000] {taskinstance.py:1398} INFO - Marking task as SUCCESS. dag_id=crypto_pipeline_postgres_debug, task_id=extract, execution_date=20250915T000000, start_date=20250916T163151, end_date=20250916T163151
[2025-09-16T16:31:51.615+0000] {local_task_job_runner.py:228} INFO - Task exited with return code 0
[2025-09-16T16:31:51.632+0000] {taskinstance.py:2776} INFO - 1 downstream tasks scheduled from follow-on schedule check
[2025-09-16T16:35:01.749+0000] {taskinstance.py:1157} INFO - Dependencies all met for dep_context=non-requeueable deps ti=<TaskInstance: crypto_pipeline_postgres_debug.extract scheduled__2025-09-15T00:00:00+00:00 [queued]>
[2025-09-16T16:35:01.753+0000] {taskinstance.py:1157} INFO - Dependencies all met for dep_context=requeueable deps ti=<TaskInstance: crypto_pipeline_postgres_debug.extract scheduled__2025-09-15T00:00:00+00:00 [queued]>
[2025-09-16T16:35:01.753+0000] {taskinstance.py:1359} INFO - Starting attempt 1 of 2
[2025-09-16T16:35:01.761+0000] {taskinstance.py:1380} INFO - Executing <Task(PythonOperator): extract> on 2025-09-15 00:00:00+00:00
[2025-09-16T16:35:01.765+0000] {standard_task_runner.py:57} INFO - Started process 53 to run task
[2025-09-16T16:35:01.767+0000] {standard_task_runner.py:84} INFO - Running: ['***', 'tasks', 'run', 'crypto_pipeline_postgres_debug', 'extract', 'scheduled__2025-09-15T00:00:00+00:00', '--job-id', '2', '--raw', '--subdir', 'DAGS_FOLDER/coleta_dados.py', '--cfg-path', '/tmp/tmphovpoc0l']
[2025-09-16T16:35:01.768+0000] {standard_task_runner.py:85} INFO - Job 2: Subtask extract
[2025-09-16T16:35:01.798+0000] {task_command.py:415} INFO - Running <TaskInstance: crypto_pipeline_postgres_debug.extract scheduled__2025-09-15T00:00:00+00:00 [running]> on host ea08ecfca1c4
[2025-09-16T16:35:01.849+0000] {taskinstance.py:1660} INFO - Exporting env vars: AIRFLOW_CTX_DAG_OWNER='***' AIRFLOW_CTX_DAG_ID='crypto_pipeline_postgres_debug' AIRFLOW_CTX_TASK_ID='extract' AIRFLOW_CTX_EXECUTION_DATE='2025-09-15T00:00:00+00:00' AIRFLOW_CTX_TRY_NUMBER='1' AIRFLOW_CTX_DAG_RUN_ID='scheduled__2025-09-15T00:00:00+00:00'
[2025-09-16T16:35:01.850+0000] {logging_mixin.py:151} INFO - === EXTRAÇÃO ===
[2025-09-16T16:35:02.164+0000] {logging_mixin.py:151} INFO - Dados extraídos:
[2025-09-16T16:35:02.186+0000] {logging_mixin.py:151} INFO -          id  ...              last_updated
0   bitcoin  ...  2025-09-16T16:35:00.905Z
1  ethereum  ...  2025-09-16T16:35:00.941Z
2   cardano  ...  2025-09-16T16:34:54.639Z

[3 rows x 26 columns]
[2025-09-16T16:35:02.197+0000] {python.py:194} INFO - Done. Returned value was: None
[2025-09-16T16:35:02.203+0000] {taskinstance.py:1398} INFO - Marking task as SUCCESS. dag_id=crypto_pipeline_postgres_debug, task_id=extract, execution_date=20250915T000000, start_date=20250916T163501, end_date=20250916T163502
[2025-09-16T16:35:02.219+0000] {local_task_job_runner.py:228} INFO - Task exited with return code 0
[2025-09-16T16:35:02.236+0000] {taskinstance.py:2776} INFO - 1 downstream tasks scheduled from follow-on schedule check
