[2025-09-16T17:19:57.789+0000] {taskinstance.py:1157} INFO - Dependencies all met for dep_context=non-requeueable deps ti=<TaskInstance: crypto_pipeline_postgres_debug.transform manual__2025-09-16T17:19:52.528055+00:00 [queued]>
[2025-09-16T17:19:57.795+0000] {taskinstance.py:1157} INFO - Dependencies all met for dep_context=requeueable deps ti=<TaskInstance: crypto_pipeline_postgres_debug.transform manual__2025-09-16T17:19:52.528055+00:00 [queued]>
[2025-09-16T17:19:57.796+0000] {taskinstance.py:1359} INFO - Starting attempt 1 of 2
[2025-09-16T17:19:57.806+0000] {taskinstance.py:1380} INFO - Executing <Task(PythonOperator): transform> on 2025-09-16 17:19:52.528055+00:00
[2025-09-16T17:19:57.811+0000] {standard_task_runner.py:57} INFO - Started process 369 to run task
[2025-09-16T17:19:57.813+0000] {standard_task_runner.py:84} INFO - Running: ['***', 'tasks', 'run', 'crypto_pipeline_postgres_debug', 'transform', 'manual__2025-09-16T17:19:52.528055+00:00', '--job-id', '40', '--raw', '--subdir', 'DAGS_FOLDER/crypto_pipeline_postgres_debug.py', '--cfg-path', '/tmp/tmpotkws6fd']
[2025-09-16T17:19:57.815+0000] {standard_task_runner.py:85} INFO - Job 40: Subtask transform
[2025-09-16T17:19:57.847+0000] {task_command.py:415} INFO - Running <TaskInstance: crypto_pipeline_postgres_debug.transform manual__2025-09-16T17:19:52.528055+00:00 [running]> on host 958f44e9a439
[2025-09-16T17:19:57.909+0000] {taskinstance.py:1660} INFO - Exporting env vars: AIRFLOW_CTX_DAG_OWNER='***' AIRFLOW_CTX_DAG_ID='crypto_pipeline_postgres_debug' AIRFLOW_CTX_TASK_ID='transform' AIRFLOW_CTX_EXECUTION_DATE='2025-09-16T17:19:52.528055+00:00' AIRFLOW_CTX_TRY_NUMBER='1' AIRFLOW_CTX_DAG_RUN_ID='manual__2025-09-16T17:19:52.528055+00:00'
[2025-09-16T17:19:57.910+0000] {logging_mixin.py:151} INFO - === TRANSFORMAÇÃO ===
[2025-09-16T17:19:57.921+0000] {logging_mixin.py:151} INFO - Dados antes da transformação:
[2025-09-16T17:19:57.943+0000] {logging_mixin.py:151} INFO -          id  ...              last_updated
0   bitcoin  ...  2025-09-16T17:19:51.770Z
1  ethereum  ...  2025-09-16T17:19:53.073Z
2   cardano  ...  2025-09-16T17:19:45.159Z

[3 rows x 26 columns]
[2025-09-16T17:19:57.948+0000] {logging_mixin.py:151} INFO - Dados transformados:
[2025-09-16T17:19:57.956+0000] {logging_mixin.py:151} INFO -          id symbol  ... price_change_ratio  is_profitable
0   bitcoin    btc  ...           1.016499          False
1  ethereum    eth  ...           1.023715          False
2   cardano    ada  ...           1.024777          False

[3 rows x 11 columns]
[2025-09-16T17:19:57.967+0000] {python.py:194} INFO - Done. Returned value was: None
[2025-09-16T17:19:57.973+0000] {taskinstance.py:1398} INFO - Marking task as SUCCESS. dag_id=crypto_pipeline_postgres_debug, task_id=transform, execution_date=20250916T171952, start_date=20250916T171957, end_date=20250916T171957
[2025-09-16T17:19:58.025+0000] {local_task_job_runner.py:228} INFO - Task exited with return code 0
[2025-09-16T17:19:58.042+0000] {taskinstance.py:2776} INFO - 1 downstream tasks scheduled from follow-on schedule check
