[2025-09-16T16:43:26.366+0000] {taskinstance.py:1157} INFO - Dependencies all met for dep_context=non-requeueable deps ti=<TaskInstance: crypto_pipeline_postgres_debug.transform manual__2025-09-16T16:38:18.276266+00:00 [queued]>
[2025-09-16T16:43:26.371+0000] {taskinstance.py:1157} INFO - Dependencies all met for dep_context=requeueable deps ti=<TaskInstance: crypto_pipeline_postgres_debug.transform manual__2025-09-16T16:38:18.276266+00:00 [queued]>
[2025-09-16T16:43:26.371+0000] {taskinstance.py:1359} INFO - Starting attempt 2 of 2
[2025-09-16T16:43:26.378+0000] {taskinstance.py:1380} INFO - Executing <Task(PythonOperator): transform> on 2025-09-16 16:38:18.276266+00:00
[2025-09-16T16:43:26.383+0000] {standard_task_runner.py:57} INFO - Started process 101 to run task
[2025-09-16T16:43:26.385+0000] {standard_task_runner.py:84} INFO - Running: ['***', 'tasks', 'run', 'crypto_pipeline_postgres_debug', 'transform', 'manual__2025-09-16T16:38:18.276266+00:00', '--job-id', '18', '--raw', '--subdir', 'DAGS_FOLDER/coleta_dados.py', '--cfg-path', '/tmp/tmp7qmr5_lx']
[2025-09-16T16:43:26.386+0000] {standard_task_runner.py:85} INFO - Job 18: Subtask transform
[2025-09-16T16:43:26.414+0000] {task_command.py:415} INFO - Running <TaskInstance: crypto_pipeline_postgres_debug.transform manual__2025-09-16T16:38:18.276266+00:00 [running]> on host b184fe18b631
[2025-09-16T16:43:26.456+0000] {taskinstance.py:1660} INFO - Exporting env vars: AIRFLOW_CTX_DAG_OWNER='***' AIRFLOW_CTX_DAG_ID='crypto_pipeline_postgres_debug' AIRFLOW_CTX_TASK_ID='transform' AIRFLOW_CTX_EXECUTION_DATE='2025-09-16T16:38:18.276266+00:00' AIRFLOW_CTX_TRY_NUMBER='2' AIRFLOW_CTX_DAG_RUN_ID='manual__2025-09-16T16:38:18.276266+00:00'
[2025-09-16T16:43:26.457+0000] {logging_mixin.py:151} INFO - === TRANSFORMAÇÃO ===
[2025-09-16T16:43:26.464+0000] {logging_mixin.py:151} INFO - Dados antes da transformação:
[2025-09-16T16:43:26.485+0000] {logging_mixin.py:151} INFO -          id  ...              last_updated
0   bitcoin  ...  2025-09-16T16:38:15.424Z
1  ethereum  ...  2025-09-16T16:38:15.259Z
2   cardano  ...  2025-09-16T16:38:16.972Z

[3 rows x 26 columns]
[2025-09-16T16:43:26.489+0000] {logging_mixin.py:151} INFO - Dados transformados:
[2025-09-16T16:43:26.496+0000] {logging_mixin.py:151} INFO -          id symbol  ... price_change_ratio  is_profitable
0   bitcoin    btc  ...           1.011326          False
1  ethereum    eth  ...           1.023715          False
2   cardano    ada  ...           1.022962          False

[3 rows x 11 columns]
[2025-09-16T16:43:26.505+0000] {python.py:194} INFO - Done. Returned value was: None
[2025-09-16T16:43:26.510+0000] {taskinstance.py:1398} INFO - Marking task as SUCCESS. dag_id=crypto_pipeline_postgres_debug, task_id=transform, execution_date=20250916T163818, start_date=20250916T164326, end_date=20250916T164326
[2025-09-16T16:43:26.557+0000] {local_task_job_runner.py:228} INFO - Task exited with return code 0
[2025-09-16T16:43:26.571+0000] {taskinstance.py:2776} INFO - 1 downstream tasks scheduled from follow-on schedule check
