[2025-05-20T22:35:06.564+0000] {manager.py:487} INFO - Processing files using up to 2 processes at a time 
[2025-05-20T22:35:06.564+0000] {manager.py:488} INFO - Process each file at most once every 30 seconds
[2025-05-20T22:35:06.564+0000] {manager.py:489} INFO - Checking for new files in /opt/airflow/dags every 300 seconds
[2025-05-20T22:35:06.564+0000] {manager.py:759} INFO - Searching for files in /opt/airflow/dags
[2025-05-20T22:35:06.565+0000] {manager.py:762} INFO - There are 0 files in /opt/airflow/dags
[2025-05-20T22:36:12.522+0000] {manager.py:469} INFO - Exiting gracefully upon receiving signal 15
[2025-05-20T22:36:22.820+0000] {manager.py:487} INFO - Processing files using up to 2 processes at a time 
[2025-05-20T22:36:22.820+0000] {manager.py:488} INFO - Process each file at most once every 30 seconds
[2025-05-20T22:36:22.820+0000] {manager.py:489} INFO - Checking for new files in /opt/airflow/dags every 300 seconds
[2025-05-20T22:36:22.820+0000] {manager.py:759} INFO - Searching for files in /opt/airflow/dags
[2025-05-20T22:36:22.821+0000] {manager.py:762} INFO - There are 0 files in /opt/airflow/dags
[2025-05-20T22:41:23.793+0000] {manager.py:759} INFO - Searching for files in /opt/airflow/dags
[2025-05-20T22:41:23.793+0000] {manager.py:762} INFO - There are 0 files in /opt/airflow/dags
[2025-05-20T22:46:24.726+0000] {manager.py:759} INFO - Searching for files in /opt/airflow/dags
[2025-05-20T22:46:24.726+0000] {manager.py:762} INFO - There are 0 files in /opt/airflow/dags
[2025-05-20T22:51:25.709+0000] {manager.py:759} INFO - Searching for files in /opt/airflow/dags
[2025-05-20T22:51:25.710+0000] {manager.py:762} INFO - There are 0 files in /opt/airflow/dags
[2025-05-20T22:56:26.663+0000] {manager.py:759} INFO - Searching for files in /opt/airflow/dags
[2025-05-20T22:56:26.663+0000] {manager.py:762} INFO - There are 0 files in /opt/airflow/dags
[2025-05-20T23:01:27.615+0000] {manager.py:759} INFO - Searching for files in /opt/airflow/dags
[2025-05-20T23:01:27.615+0000] {manager.py:762} INFO - There are 0 files in /opt/airflow/dags
[2025-05-20T23:06:28.560+0000] {manager.py:759} INFO - Searching for files in /opt/airflow/dags
[2025-05-20T23:06:28.560+0000] {manager.py:762} INFO - There are 0 files in /opt/airflow/dags
[2025-05-20T23:11:29.498+0000] {manager.py:759} INFO - Searching for files in /opt/airflow/dags
[2025-05-20T23:11:29.499+0000] {manager.py:762} INFO - There are 0 files in /opt/airflow/dags
[2025-05-20T23:16:30.452+0000] {manager.py:759} INFO - Searching for files in /opt/airflow/dags
[2025-05-20T23:16:30.452+0000] {manager.py:762} INFO - There are 0 files in /opt/airflow/dags
[2025-05-20T23:21:31.408+0000] {manager.py:759} INFO - Searching for files in /opt/airflow/dags
[2025-05-20T23:21:31.408+0000] {manager.py:762} INFO - There are 0 files in /opt/airflow/dags
[2025-05-20T23:26:32.357+0000] {manager.py:759} INFO - Searching for files in /opt/airflow/dags
[2025-05-20T23:26:32.358+0000] {manager.py:762} INFO - There are 0 files in /opt/airflow/dags
[2025-05-20T23:31:33.318+0000] {manager.py:759} INFO - Searching for files in /opt/airflow/dags
[2025-05-20T23:31:33.319+0000] {manager.py:762} INFO - There are 0 files in /opt/airflow/dags
[2025-05-20T23:32:23.106+0000] {manager.py:469} INFO - Exiting gracefully upon receiving signal 15
[2025-05-21T17:59:06.038+0000] {manager.py:487} INFO - Processing files using up to 2 processes at a time 
[2025-05-21T17:59:06.038+0000] {manager.py:488} INFO - Process each file at most once every 30 seconds
[2025-05-21T17:59:06.038+0000] {manager.py:489} INFO - Checking for new files in /opt/airflow/dags every 300 seconds
[2025-05-21T17:59:06.038+0000] {manager.py:759} INFO - Searching for files in /opt/airflow/dags
[2025-05-21T17:59:06.039+0000] {manager.py:762} INFO - There are 0 files in /opt/airflow/dags
[2025-05-21T18:04:06.066+0000] {manager.py:759} INFO - Searching for files in /opt/airflow/dags
[2025-05-21T18:04:06.067+0000] {manager.py:762} INFO - There are 1 files in /opt/airflow/dags
[2025-05-21T18:04:06.939+0000] {manager.py:893} INFO - 
================================================================================
DAG File Processing Stats

File Path                          PID    Runtime      # DAGs    # Errors  Last Runtime    Last Run
---------------------------------  -----  ---------  --------  ----------  --------------  -------------------
/opt/airflow/dags/coleta_dados.py                           1           0  0.85s           2025-05-21T18:04:06
================================================================================
[2025-05-21T18:04:37.030+0000] {manager.py:893} INFO - 
================================================================================
DAG File Processing Stats

File Path                            PID  Runtime      # DAGs    # Errors  Last Runtime    Last Run
---------------------------------  -----  ---------  --------  ----------  --------------  -------------------
/opt/airflow/dags/coleta_dados.py     34  0.00s             1           0  0.85s           2025-05-21T18:04:06
================================================================================
[2025-05-21T18:05:07.234+0000] {manager.py:893} INFO - 
================================================================================
DAG File Processing Stats

File Path                          PID    Runtime      # DAGs    # Errors  Last Runtime    Last Run
---------------------------------  -----  ---------  --------  ----------  --------------  -------------------
/opt/airflow/dags/coleta_dados.py                           1           0  0.26s           2025-05-21T18:04:37
================================================================================
[2025-05-21T18:05:37.432+0000] {manager.py:893} INFO - 
================================================================================
DAG File Processing Stats

File Path                          PID    Runtime      # DAGs    # Errors  Last Runtime    Last Run
---------------------------------  -----  ---------  --------  ----------  --------------  -------------------
/opt/airflow/dags/coleta_dados.py                           1           0  0.26s           2025-05-21T18:05:07
================================================================================
[2025-05-21T18:06:07.755+0000] {manager.py:893} INFO - 
================================================================================
DAG File Processing Stats

File Path                          PID    Runtime      # DAGs    # Errors  Last Runtime    Last Run
---------------------------------  -----  ---------  --------  ----------  --------------  -------------------
/opt/airflow/dags/coleta_dados.py                           1           0  0.25s           2025-05-21T18:05:37
================================================================================
[2025-05-21T18:06:38.070+0000] {manager.py:893} INFO - 
================================================================================
DAG File Processing Stats

File Path                          PID    Runtime      # DAGs    # Errors  Last Runtime    Last Run
---------------------------------  -----  ---------  --------  ----------  --------------  -------------------
/opt/airflow/dags/coleta_dados.py                           1           0  0.26s           2025-05-21T18:06:08
================================================================================
[2025-05-21T18:07:08.393+0000] {manager.py:893} INFO - 
================================================================================
DAG File Processing Stats

File Path                          PID    Runtime      # DAGs    # Errors  Last Runtime    Last Run
---------------------------------  -----  ---------  --------  ----------  --------------  -------------------
/opt/airflow/dags/coleta_dados.py                           1           0  0.28s           2025-05-21T18:06:38
================================================================================
[2025-05-21T18:07:38.737+0000] {manager.py:893} INFO - 
================================================================================
DAG File Processing Stats

File Path                          PID    Runtime      # DAGs    # Errors  Last Runtime    Last Run
---------------------------------  -----  ---------  --------  ----------  --------------  -------------------
/opt/airflow/dags/coleta_dados.py                           1           0  0.26s           2025-05-21T18:07:08
================================================================================
[2025-05-21T18:08:09.059+0000] {manager.py:893} INFO - 
================================================================================
DAG File Processing Stats

File Path                          PID    Runtime      # DAGs    # Errors  Last Runtime    Last Run
---------------------------------  -----  ---------  --------  ----------  --------------  -------------------
/opt/airflow/dags/coleta_dados.py                           1           0  0.26s           2025-05-21T18:07:39
================================================================================
[2025-05-21T18:08:39.374+0000] {manager.py:893} INFO - 
================================================================================
DAG File Processing Stats

File Path                          PID    Runtime      # DAGs    # Errors  Last Runtime    Last Run
---------------------------------  -----  ---------  --------  ----------  --------------  -------------------
/opt/airflow/dags/coleta_dados.py                           1           0  0.25s           2025-05-21T18:08:09
================================================================================
[2025-05-21T18:09:06.668+0000] {manager.py:759} INFO - Searching for files in /opt/airflow/dags
[2025-05-21T18:09:06.669+0000] {manager.py:762} INFO - There are 1 files in /opt/airflow/dags
[2025-05-21T18:09:09.691+0000] {manager.py:893} INFO - 
================================================================================
DAG File Processing Stats

File Path                          PID    Runtime      # DAGs    # Errors  Last Runtime    Last Run
---------------------------------  -----  ---------  --------  ----------  --------------  -------------------
/opt/airflow/dags/coleta_dados.py                           1           0  0.26s           2025-05-21T18:08:39
================================================================================
[2025-05-21T18:09:39.993+0000] {manager.py:893} INFO - 
================================================================================
DAG File Processing Stats

File Path                          PID    Runtime      # DAGs    # Errors  Last Runtime    Last Run
---------------------------------  -----  ---------  --------  ----------  --------------  -------------------
/opt/airflow/dags/coleta_dados.py                           1           0  0.25s           2025-05-21T18:09:10
================================================================================
[2025-05-21T18:10:10.310+0000] {manager.py:893} INFO - 
================================================================================
DAG File Processing Stats

File Path                          PID    Runtime      # DAGs    # Errors  Last Runtime    Last Run
---------------------------------  -----  ---------  --------  ----------  --------------  -------------------
/opt/airflow/dags/coleta_dados.py                           1           0  0.25s           2025-05-21T18:09:40
================================================================================
[2025-05-21T18:10:40.626+0000] {manager.py:893} INFO - 
================================================================================
DAG File Processing Stats

File Path                          PID    Runtime      # DAGs    # Errors  Last Runtime    Last Run
---------------------------------  -----  ---------  --------  ----------  --------------  -------------------
/opt/airflow/dags/coleta_dados.py                           1           0  0.25s           2025-05-21T18:10:10
================================================================================
[2025-05-21T18:11:10.945+0000] {manager.py:893} INFO - 
================================================================================
DAG File Processing Stats

File Path                          PID    Runtime      # DAGs    # Errors  Last Runtime    Last Run
---------------------------------  -----  ---------  --------  ----------  --------------  -------------------
/opt/airflow/dags/coleta_dados.py                           1           0  0.27s           2025-05-21T18:10:41
================================================================================
[2025-05-21T18:11:41.278+0000] {manager.py:893} INFO - 
================================================================================
DAG File Processing Stats

File Path                          PID    Runtime      # DAGs    # Errors  Last Runtime    Last Run
---------------------------------  -----  ---------  --------  ----------  --------------  -------------------
/opt/airflow/dags/coleta_dados.py                           1           0  0.25s           2025-05-21T18:11:11
================================================================================
[2025-05-21T18:12:11.597+0000] {manager.py:893} INFO - 
================================================================================
DAG File Processing Stats

File Path                          PID    Runtime      # DAGs    # Errors  Last Runtime    Last Run
---------------------------------  -----  ---------  --------  ----------  --------------  -------------------
/opt/airflow/dags/coleta_dados.py                           1           0  0.25s           2025-05-21T18:11:41
================================================================================
[2025-05-21T18:12:41.906+0000] {manager.py:893} INFO - 
================================================================================
DAG File Processing Stats

File Path                          PID    Runtime      # DAGs    # Errors  Last Runtime    Last Run
---------------------------------  -----  ---------  --------  ----------  --------------  -------------------
/opt/airflow/dags/coleta_dados.py                           1           0  0.25s           2025-05-21T18:12:12
================================================================================
[2025-05-21T18:13:12.217+0000] {manager.py:893} INFO - 
================================================================================
DAG File Processing Stats

File Path                          PID    Runtime      # DAGs    # Errors  Last Runtime    Last Run
---------------------------------  -----  ---------  --------  ----------  --------------  -------------------
/opt/airflow/dags/coleta_dados.py                           1           0  0.25s           2025-05-21T18:12:42
================================================================================
[2025-05-21T18:13:42.532+0000] {manager.py:893} INFO - 
================================================================================
DAG File Processing Stats

File Path                          PID    Runtime      # DAGs    # Errors  Last Runtime    Last Run
---------------------------------  -----  ---------  --------  ----------  --------------  -------------------
/opt/airflow/dags/coleta_dados.py                           1           0  0.26s           2025-05-21T18:13:12
================================================================================
[2025-05-21T18:14:06.835+0000] {manager.py:759} INFO - Searching for files in /opt/airflow/dags
[2025-05-21T18:14:06.836+0000] {manager.py:762} INFO - There are 1 files in /opt/airflow/dags
[2025-05-21T18:14:12.857+0000] {manager.py:893} INFO - 
================================================================================
DAG File Processing Stats

File Path                          PID    Runtime      # DAGs    # Errors  Last Runtime    Last Run
---------------------------------  -----  ---------  --------  ----------  --------------  -------------------
/opt/airflow/dags/coleta_dados.py                           1           0  0.26s           2025-05-21T18:13:43
================================================================================
[2025-05-21T18:14:43.168+0000] {manager.py:893} INFO - 
================================================================================
DAG File Processing Stats

File Path                          PID    Runtime      # DAGs    # Errors  Last Runtime    Last Run
---------------------------------  -----  ---------  --------  ----------  --------------  -------------------
/opt/airflow/dags/coleta_dados.py                           1           0  0.26s           2025-05-21T18:14:13
================================================================================
[2025-05-21T18:15:13.494+0000] {manager.py:893} INFO - 
================================================================================
DAG File Processing Stats

File Path                          PID    Runtime      # DAGs    # Errors  Last Runtime    Last Run
---------------------------------  -----  ---------  --------  ----------  --------------  -------------------
/opt/airflow/dags/coleta_dados.py                           1           0  0.26s           2025-05-21T18:14:43
================================================================================
[2025-05-21T18:15:43.817+0000] {manager.py:893} INFO - 
================================================================================
DAG File Processing Stats

File Path                          PID    Runtime      # DAGs    # Errors  Last Runtime    Last Run
---------------------------------  -----  ---------  --------  ----------  --------------  -------------------
/opt/airflow/dags/coleta_dados.py                           1           0  0.26s           2025-05-21T18:15:13
================================================================================
[2025-05-21T18:16:14.137+0000] {manager.py:893} INFO - 
================================================================================
DAG File Processing Stats

File Path                          PID    Runtime      # DAGs    # Errors  Last Runtime    Last Run
---------------------------------  -----  ---------  --------  ----------  --------------  -------------------
/opt/airflow/dags/coleta_dados.py                           1           0  0.25s           2025-05-21T18:15:44
================================================================================
[2025-05-21T18:16:44.453+0000] {manager.py:893} INFO - 
================================================================================
DAG File Processing Stats

File Path                          PID    Runtime      # DAGs    # Errors  Last Runtime    Last Run
---------------------------------  -----  ---------  --------  ----------  --------------  -------------------
/opt/airflow/dags/coleta_dados.py                           1           0  0.26s           2025-05-21T18:16:14
================================================================================
[2025-05-21T18:17:14.763+0000] {manager.py:893} INFO - 
================================================================================
DAG File Processing Stats

File Path                          PID    Runtime      # DAGs    # Errors  Last Runtime    Last Run
---------------------------------  -----  ---------  --------  ----------  --------------  -------------------
/opt/airflow/dags/coleta_dados.py                           1           0  0.25s           2025-05-21T18:16:44
================================================================================
[2025-05-21T18:17:45.065+0000] {manager.py:893} INFO - 
================================================================================
DAG File Processing Stats

File Path                          PID    Runtime      # DAGs    # Errors  Last Runtime    Last Run
---------------------------------  -----  ---------  --------  ----------  --------------  -------------------
/opt/airflow/dags/coleta_dados.py                           1           0  0.25s           2025-05-21T18:17:15
================================================================================
[2025-05-21T18:18:15.386+0000] {manager.py:893} INFO - 
================================================================================
DAG File Processing Stats

File Path                          PID    Runtime      # DAGs    # Errors  Last Runtime    Last Run
---------------------------------  -----  ---------  --------  ----------  --------------  -------------------
/opt/airflow/dags/coleta_dados.py                           1           0  0.26s           2025-05-21T18:17:45
================================================================================
[2025-05-21T18:18:45.702+0000] {manager.py:893} INFO - 
================================================================================
DAG File Processing Stats

File Path                          PID    Runtime      # DAGs    # Errors  Last Runtime    Last Run
---------------------------------  -----  ---------  --------  ----------  --------------  -------------------
/opt/airflow/dags/coleta_dados.py                           1           0  0.26s           2025-05-21T18:18:15
================================================================================
[2025-05-21T18:19:06.999+0000] {manager.py:759} INFO - Searching for files in /opt/airflow/dags
[2025-05-21T18:19:07.000+0000] {manager.py:762} INFO - There are 1 files in /opt/airflow/dags
[2025-05-21T18:19:16.030+0000] {manager.py:893} INFO - 
================================================================================
DAG File Processing Stats

File Path                          PID    Runtime      # DAGs    # Errors  Last Runtime    Last Run
---------------------------------  -----  ---------  --------  ----------  --------------  -------------------
/opt/airflow/dags/coleta_dados.py                           1           0  0.25s           2025-05-21T18:18:46
================================================================================
[2025-05-21T18:19:46.339+0000] {manager.py:893} INFO - 
================================================================================
DAG File Processing Stats

File Path                          PID    Runtime      # DAGs    # Errors  Last Runtime    Last Run
---------------------------------  -----  ---------  --------  ----------  --------------  -------------------
/opt/airflow/dags/coleta_dados.py                           1           0  0.26s           2025-05-21T18:19:16
================================================================================
