[2025-05-27T00:04:11.186+0000] {processor.py:157} INFO - Started process (PID=32) to work on /opt/airflow/dags/coleta_dados.py
[2025-05-27T00:04:11.186+0000] {processor.py:829} INFO - Processing file /opt/airflow/dags/coleta_dados.py for tasks to queue
[2025-05-27T00:04:11.187+0000] {logging_mixin.py:151} INFO - [2025-05-27T00:04:11.187+0000] {dagbag.py:539} INFO - Filling up the DagBag from /opt/airflow/dags/coleta_dados.py
[2025-05-27T00:04:12.211+0000] {processor.py:839} INFO - DAG(s) dict_keys(['coletar_dados_api']) retrieved from /opt/airflow/dags/coleta_dados.py
[2025-05-27T00:04:12.342+0000] {logging_mixin.py:151} INFO - [2025-05-27T00:04:12.342+0000] {manager.py:499} INFO - Created Permission View: %s
[2025-05-27T00:04:12.348+0000] {logging_mixin.py:151} INFO - [2025-05-27T00:04:12.348+0000] {manager.py:499} INFO - Created Permission View: %s
[2025-05-27T00:04:12.351+0000] {logging_mixin.py:151} INFO - [2025-05-27T00:04:12.351+0000] {manager.py:499} INFO - Created Permission View: %s
[2025-05-27T00:04:12.352+0000] {logging_mixin.py:151} INFO - [2025-05-27T00:04:12.351+0000] {security.py:708} INFO - Not syncing DAG-level permissions for DAG 'DAG:coletar_dados_api' as access control is unset.
[2025-05-27T00:04:12.352+0000] {logging_mixin.py:151} INFO - [2025-05-27T00:04:12.352+0000] {dag.py:2915} INFO - Sync 1 DAGs
[2025-05-27T00:04:12.358+0000] {logging_mixin.py:151} INFO - [2025-05-27T00:04:12.358+0000] {dag.py:2937} INFO - Creating ORM DAG for coletar_dados_api
[2025-05-27T00:04:12.366+0000] {logging_mixin.py:151} INFO - [2025-05-27T00:04:12.366+0000] {dag.py:3696} INFO - Setting next_dagrun for coletar_dados_api to 2025-05-26T00:00:00+00:00, run_after=2025-05-27T00:00:00+00:00
[2025-05-27T00:04:12.374+0000] {processor.py:179} INFO - Processing /opt/airflow/dags/coleta_dados.py took 1.190 seconds
[2025-05-27T00:04:46.680+0000] {processor.py:157} INFO - Started process (PID=32) to work on /opt/airflow/dags/coleta_dados.py
[2025-05-27T00:04:46.680+0000] {processor.py:829} INFO - Processing file /opt/airflow/dags/coleta_dados.py for tasks to queue
[2025-05-27T00:04:46.681+0000] {logging_mixin.py:151} INFO - [2025-05-27T00:04:46.681+0000] {dagbag.py:539} INFO - Filling up the DagBag from /opt/airflow/dags/coleta_dados.py
[2025-05-27T00:04:46.989+0000] {processor.py:839} INFO - DAG(s) dict_keys(['coletar_dados_api']) retrieved from /opt/airflow/dags/coleta_dados.py
[2025-05-27T00:04:47.004+0000] {logging_mixin.py:151} INFO - [2025-05-27T00:04:47.004+0000] {dag.py:2915} INFO - Sync 1 DAGs
[2025-05-27T00:04:47.019+0000] {logging_mixin.py:151} INFO - [2025-05-27T00:04:47.019+0000] {dag.py:3696} INFO - Setting next_dagrun for coletar_dados_api to 2025-05-27T00:00:00+00:00, run_after=2025-05-28T00:00:00+00:00
[2025-05-27T00:04:47.029+0000] {processor.py:179} INFO - Processing /opt/airflow/dags/coleta_dados.py took 0.351 seconds
[2025-05-27T00:05:17.112+0000] {processor.py:157} INFO - Started process (PID=34) to work on /opt/airflow/dags/coleta_dados.py
[2025-05-27T00:05:17.112+0000] {processor.py:829} INFO - Processing file /opt/airflow/dags/coleta_dados.py for tasks to queue
[2025-05-27T00:05:17.112+0000] {logging_mixin.py:151} INFO - [2025-05-27T00:05:17.112+0000] {dagbag.py:539} INFO - Filling up the DagBag from /opt/airflow/dags/coleta_dados.py
[2025-05-27T00:05:17.395+0000] {processor.py:839} INFO - DAG(s) dict_keys(['coletar_dados_api']) retrieved from /opt/airflow/dags/coleta_dados.py
[2025-05-27T00:05:17.411+0000] {logging_mixin.py:151} INFO - [2025-05-27T00:05:17.411+0000] {dag.py:2915} INFO - Sync 1 DAGs
[2025-05-27T00:05:17.424+0000] {logging_mixin.py:151} INFO - [2025-05-27T00:05:17.424+0000] {dag.py:3696} INFO - Setting next_dagrun for coletar_dados_api to 2025-05-27T00:00:00+00:00, run_after=2025-05-28T00:00:00+00:00
[2025-05-27T00:05:17.433+0000] {processor.py:179} INFO - Processing /opt/airflow/dags/coleta_dados.py took 0.324 seconds
[2025-05-27T00:05:47.511+0000] {processor.py:157} INFO - Started process (PID=36) to work on /opt/airflow/dags/coleta_dados.py
[2025-05-27T00:05:47.521+0000] {processor.py:829} INFO - Processing file /opt/airflow/dags/coleta_dados.py for tasks to queue
[2025-05-27T00:05:47.522+0000] {logging_mixin.py:151} INFO - [2025-05-27T00:05:47.522+0000] {dagbag.py:539} INFO - Filling up the DagBag from /opt/airflow/dags/coleta_dados.py
[2025-05-27T00:05:47.804+0000] {processor.py:839} INFO - DAG(s) dict_keys(['coletar_dados_api']) retrieved from /opt/airflow/dags/coleta_dados.py
[2025-05-27T00:05:47.818+0000] {logging_mixin.py:151} INFO - [2025-05-27T00:05:47.817+0000] {dag.py:2915} INFO - Sync 1 DAGs
[2025-05-27T00:05:47.831+0000] {logging_mixin.py:151} INFO - [2025-05-27T00:05:47.831+0000] {dag.py:3696} INFO - Setting next_dagrun for coletar_dados_api to 2025-05-27T00:00:00+00:00, run_after=2025-05-28T00:00:00+00:00
[2025-05-27T00:05:47.840+0000] {processor.py:179} INFO - Processing /opt/airflow/dags/coleta_dados.py took 0.331 seconds
[2025-05-27T00:06:11.507+0000] {processor.py:157} INFO - Started process (PID=31) to work on /opt/airflow/dags/coleta_dados.py
[2025-05-27T00:06:11.507+0000] {processor.py:829} INFO - Processing file /opt/airflow/dags/coleta_dados.py for tasks to queue
[2025-05-27T00:06:11.508+0000] {logging_mixin.py:151} INFO - [2025-05-27T00:06:11.507+0000] {dagbag.py:539} INFO - Filling up the DagBag from /opt/airflow/dags/coleta_dados.py
[2025-05-27T00:06:11.821+0000] {processor.py:839} INFO - DAG(s) dict_keys(['coletar_dados_api']) retrieved from /opt/airflow/dags/coleta_dados.py
[2025-05-27T00:06:11.839+0000] {logging_mixin.py:151} INFO - [2025-05-27T00:06:11.838+0000] {dag.py:2915} INFO - Sync 1 DAGs
[2025-05-27T00:06:11.854+0000] {logging_mixin.py:151} INFO - [2025-05-27T00:06:11.854+0000] {dag.py:3696} INFO - Setting next_dagrun for coletar_dados_api to 2025-05-27T00:00:00+00:00, run_after=2025-05-28T00:00:00+00:00
[2025-05-27T00:06:11.864+0000] {processor.py:179} INFO - Processing /opt/airflow/dags/coleta_dados.py took 0.359 seconds
[2025-05-27T00:06:41.950+0000] {processor.py:157} INFO - Started process (PID=34) to work on /opt/airflow/dags/coleta_dados.py
[2025-05-27T00:06:41.950+0000] {processor.py:829} INFO - Processing file /opt/airflow/dags/coleta_dados.py for tasks to queue
[2025-05-27T00:06:41.951+0000] {logging_mixin.py:151} INFO - [2025-05-27T00:06:41.950+0000] {dagbag.py:539} INFO - Filling up the DagBag from /opt/airflow/dags/coleta_dados.py
[2025-05-27T00:06:42.228+0000] {processor.py:839} INFO - DAG(s) dict_keys(['coletar_dados_api']) retrieved from /opt/airflow/dags/coleta_dados.py
[2025-05-27T00:06:42.243+0000] {logging_mixin.py:151} INFO - [2025-05-27T00:06:42.243+0000] {dag.py:2915} INFO - Sync 1 DAGs
[2025-05-27T00:06:42.256+0000] {logging_mixin.py:151} INFO - [2025-05-27T00:06:42.256+0000] {dag.py:3696} INFO - Setting next_dagrun for coletar_dados_api to 2025-05-27T00:00:00+00:00, run_after=2025-05-28T00:00:00+00:00
[2025-05-27T00:06:42.265+0000] {processor.py:179} INFO - Processing /opt/airflow/dags/coleta_dados.py took 0.318 seconds
[2025-05-27T00:07:12.342+0000] {processor.py:157} INFO - Started process (PID=36) to work on /opt/airflow/dags/coleta_dados.py
[2025-05-27T00:07:12.342+0000] {processor.py:829} INFO - Processing file /opt/airflow/dags/coleta_dados.py for tasks to queue
[2025-05-27T00:07:12.343+0000] {logging_mixin.py:151} INFO - [2025-05-27T00:07:12.343+0000] {dagbag.py:539} INFO - Filling up the DagBag from /opt/airflow/dags/coleta_dados.py
[2025-05-27T00:07:12.625+0000] {processor.py:839} INFO - DAG(s) dict_keys(['coletar_dados_api']) retrieved from /opt/airflow/dags/coleta_dados.py
[2025-05-27T00:07:12.639+0000] {logging_mixin.py:151} INFO - [2025-05-27T00:07:12.639+0000] {dag.py:2915} INFO - Sync 1 DAGs
[2025-05-27T00:07:12.652+0000] {logging_mixin.py:151} INFO - [2025-05-27T00:07:12.652+0000] {dag.py:3696} INFO - Setting next_dagrun for coletar_dados_api to 2025-05-27T00:00:00+00:00, run_after=2025-05-28T00:00:00+00:00
[2025-05-27T00:07:12.661+0000] {processor.py:179} INFO - Processing /opt/airflow/dags/coleta_dados.py took 0.321 seconds
[2025-05-27T00:07:42.735+0000] {processor.py:157} INFO - Started process (PID=38) to work on /opt/airflow/dags/coleta_dados.py
[2025-05-27T00:07:42.736+0000] {processor.py:829} INFO - Processing file /opt/airflow/dags/coleta_dados.py for tasks to queue
[2025-05-27T00:07:42.736+0000] {logging_mixin.py:151} INFO - [2025-05-27T00:07:42.736+0000] {dagbag.py:539} INFO - Filling up the DagBag from /opt/airflow/dags/coleta_dados.py
[2025-05-27T00:07:43.020+0000] {processor.py:839} INFO - DAG(s) dict_keys(['coletar_dados_api']) retrieved from /opt/airflow/dags/coleta_dados.py
[2025-05-27T00:07:43.034+0000] {logging_mixin.py:151} INFO - [2025-05-27T00:07:43.033+0000] {dag.py:2915} INFO - Sync 1 DAGs
[2025-05-27T00:07:43.047+0000] {logging_mixin.py:151} INFO - [2025-05-27T00:07:43.047+0000] {dag.py:3696} INFO - Setting next_dagrun for coletar_dados_api to 2025-05-27T00:00:00+00:00, run_after=2025-05-28T00:00:00+00:00
[2025-05-27T00:07:43.056+0000] {processor.py:179} INFO - Processing /opt/airflow/dags/coleta_dados.py took 0.323 seconds
[2025-05-27T00:07:57.518+0000] {processor.py:157} INFO - Started process (PID=31) to work on /opt/airflow/dags/coleta_dados.py
[2025-05-27T00:07:57.518+0000] {processor.py:829} INFO - Processing file /opt/airflow/dags/coleta_dados.py for tasks to queue
[2025-05-27T00:07:57.519+0000] {logging_mixin.py:151} INFO - [2025-05-27T00:07:57.518+0000] {dagbag.py:539} INFO - Filling up the DagBag from /opt/airflow/dags/coleta_dados.py
[2025-05-27T00:07:58.313+0000] {processor.py:839} INFO - DAG(s) dict_keys(['coletar_dados_api']) retrieved from /opt/airflow/dags/coleta_dados.py
[2025-05-27T00:07:58.435+0000] {logging_mixin.py:151} INFO - [2025-05-27T00:07:58.435+0000] {manager.py:499} INFO - Created Permission View: %s
[2025-05-27T00:07:58.441+0000] {logging_mixin.py:151} INFO - [2025-05-27T00:07:58.441+0000] {manager.py:499} INFO - Created Permission View: %s
[2025-05-27T00:07:58.445+0000] {logging_mixin.py:151} INFO - [2025-05-27T00:07:58.445+0000] {manager.py:499} INFO - Created Permission View: %s
[2025-05-27T00:07:58.445+0000] {logging_mixin.py:151} INFO - [2025-05-27T00:07:58.445+0000] {security.py:708} INFO - Not syncing DAG-level permissions for DAG 'DAG:coletar_dados_api' as access control is unset.
[2025-05-27T00:07:58.445+0000] {logging_mixin.py:151} INFO - [2025-05-27T00:07:58.445+0000] {dag.py:2915} INFO - Sync 1 DAGs
[2025-05-27T00:07:58.452+0000] {logging_mixin.py:151} INFO - [2025-05-27T00:07:58.452+0000] {dag.py:2937} INFO - Creating ORM DAG for coletar_dados_api
[2025-05-27T00:07:58.461+0000] {logging_mixin.py:151} INFO - [2025-05-27T00:07:58.461+0000] {dag.py:3696} INFO - Setting next_dagrun for coletar_dados_api to 2025-05-26T00:00:00+00:00, run_after=2025-05-27T00:00:00+00:00
[2025-05-27T00:07:58.470+0000] {processor.py:179} INFO - Processing /opt/airflow/dags/coleta_dados.py took 0.954 seconds
[2025-05-27T00:08:28.578+0000] {processor.py:157} INFO - Started process (PID=49) to work on /opt/airflow/dags/coleta_dados.py
[2025-05-27T00:08:28.579+0000] {processor.py:829} INFO - Processing file /opt/airflow/dags/coleta_dados.py for tasks to queue
[2025-05-27T00:08:28.579+0000] {logging_mixin.py:151} INFO - [2025-05-27T00:08:28.579+0000] {dagbag.py:539} INFO - Filling up the DagBag from /opt/airflow/dags/coleta_dados.py
[2025-05-27T00:08:28.868+0000] {processor.py:839} INFO - DAG(s) dict_keys(['coletar_dados_api']) retrieved from /opt/airflow/dags/coleta_dados.py
[2025-05-27T00:08:28.882+0000] {logging_mixin.py:151} INFO - [2025-05-27T00:08:28.881+0000] {dag.py:2915} INFO - Sync 1 DAGs
[2025-05-27T00:08:28.895+0000] {logging_mixin.py:151} INFO - [2025-05-27T00:08:28.895+0000] {dag.py:3696} INFO - Setting next_dagrun for coletar_dados_api to 2025-05-27T00:00:00+00:00, run_after=2025-05-28T00:00:00+00:00
[2025-05-27T00:08:28.903+0000] {processor.py:179} INFO - Processing /opt/airflow/dags/coleta_dados.py took 0.327 seconds
[2025-05-27T00:08:58.980+0000] {processor.py:157} INFO - Started process (PID=51) to work on /opt/airflow/dags/coleta_dados.py
[2025-05-27T00:08:58.980+0000] {processor.py:829} INFO - Processing file /opt/airflow/dags/coleta_dados.py for tasks to queue
[2025-05-27T00:08:58.981+0000] {logging_mixin.py:151} INFO - [2025-05-27T00:08:58.981+0000] {dagbag.py:539} INFO - Filling up the DagBag from /opt/airflow/dags/coleta_dados.py
[2025-05-27T00:08:59.268+0000] {processor.py:839} INFO - DAG(s) dict_keys(['coletar_dados_api']) retrieved from /opt/airflow/dags/coleta_dados.py
[2025-05-27T00:08:59.282+0000] {logging_mixin.py:151} INFO - [2025-05-27T00:08:59.281+0000] {dag.py:2915} INFO - Sync 1 DAGs
[2025-05-27T00:08:59.295+0000] {logging_mixin.py:151} INFO - [2025-05-27T00:08:59.295+0000] {dag.py:3696} INFO - Setting next_dagrun for coletar_dados_api to 2025-05-27T00:00:00+00:00, run_after=2025-05-28T00:00:00+00:00
[2025-05-27T00:08:59.304+0000] {processor.py:179} INFO - Processing /opt/airflow/dags/coleta_dados.py took 0.326 seconds
[2025-05-27T00:09:29.391+0000] {processor.py:157} INFO - Started process (PID=53) to work on /opt/airflow/dags/coleta_dados.py
[2025-05-27T00:09:29.392+0000] {processor.py:829} INFO - Processing file /opt/airflow/dags/coleta_dados.py for tasks to queue
[2025-05-27T00:09:29.392+0000] {logging_mixin.py:151} INFO - [2025-05-27T00:09:29.392+0000] {dagbag.py:539} INFO - Filling up the DagBag from /opt/airflow/dags/coleta_dados.py
[2025-05-27T00:09:29.677+0000] {processor.py:839} INFO - DAG(s) dict_keys(['coletar_dados_api']) retrieved from /opt/airflow/dags/coleta_dados.py
[2025-05-27T00:09:29.690+0000] {logging_mixin.py:151} INFO - [2025-05-27T00:09:29.690+0000] {dag.py:2915} INFO - Sync 1 DAGs
[2025-05-27T00:09:29.704+0000] {logging_mixin.py:151} INFO - [2025-05-27T00:09:29.704+0000] {dag.py:3696} INFO - Setting next_dagrun for coletar_dados_api to 2025-05-27T00:00:00+00:00, run_after=2025-05-28T00:00:00+00:00
[2025-05-27T00:09:29.712+0000] {processor.py:179} INFO - Processing /opt/airflow/dags/coleta_dados.py took 0.323 seconds
[2025-05-27T00:10:06.229+0000] {processor.py:157} INFO - Started process (PID=32) to work on /opt/airflow/dags/coleta_dados.py
[2025-05-27T00:10:06.230+0000] {processor.py:829} INFO - Processing file /opt/airflow/dags/coleta_dados.py for tasks to queue
[2025-05-27T00:10:06.230+0000] {logging_mixin.py:151} INFO - [2025-05-27T00:10:06.230+0000] {dagbag.py:539} INFO - Filling up the DagBag from /opt/airflow/dags/coleta_dados.py
[2025-05-27T00:10:07.017+0000] {processor.py:839} INFO - DAG(s) dict_keys(['coletar_dados_api']) retrieved from /opt/airflow/dags/coleta_dados.py
[2025-05-27T00:10:07.141+0000] {logging_mixin.py:151} INFO - [2025-05-27T00:10:07.141+0000] {manager.py:499} INFO - Created Permission View: %s
[2025-05-27T00:10:07.146+0000] {logging_mixin.py:151} INFO - [2025-05-27T00:10:07.146+0000] {manager.py:499} INFO - Created Permission View: %s
[2025-05-27T00:10:07.150+0000] {logging_mixin.py:151} INFO - [2025-05-27T00:10:07.150+0000] {manager.py:499} INFO - Created Permission View: %s
[2025-05-27T00:10:07.150+0000] {logging_mixin.py:151} INFO - [2025-05-27T00:10:07.150+0000] {security.py:708} INFO - Not syncing DAG-level permissions for DAG 'DAG:coletar_dados_api' as access control is unset.
[2025-05-27T00:10:07.150+0000] {logging_mixin.py:151} INFO - [2025-05-27T00:10:07.150+0000] {dag.py:2915} INFO - Sync 1 DAGs
[2025-05-27T00:10:07.157+0000] {logging_mixin.py:151} INFO - [2025-05-27T00:10:07.156+0000] {dag.py:2937} INFO - Creating ORM DAG for coletar_dados_api
[2025-05-27T00:10:07.164+0000] {logging_mixin.py:151} INFO - [2025-05-27T00:10:07.164+0000] {dag.py:3696} INFO - Setting next_dagrun for coletar_dados_api to 2025-05-26T00:00:00+00:00, run_after=2025-05-27T00:00:00+00:00
[2025-05-27T00:10:07.173+0000] {processor.py:179} INFO - Processing /opt/airflow/dags/coleta_dados.py took 0.946 seconds
[2025-05-27T00:10:37.281+0000] {processor.py:157} INFO - Started process (PID=49) to work on /opt/airflow/dags/coleta_dados.py
[2025-05-27T00:10:37.282+0000] {processor.py:829} INFO - Processing file /opt/airflow/dags/coleta_dados.py for tasks to queue
[2025-05-27T00:10:37.282+0000] {logging_mixin.py:151} INFO - [2025-05-27T00:10:37.282+0000] {dagbag.py:539} INFO - Filling up the DagBag from /opt/airflow/dags/coleta_dados.py
[2025-05-27T00:10:37.579+0000] {processor.py:839} INFO - DAG(s) dict_keys(['coletar_dados_api']) retrieved from /opt/airflow/dags/coleta_dados.py
[2025-05-27T00:10:37.603+0000] {logging_mixin.py:151} INFO - [2025-05-27T00:10:37.602+0000] {dag.py:2915} INFO - Sync 1 DAGs
[2025-05-27T00:10:37.616+0000] {logging_mixin.py:151} INFO - [2025-05-27T00:10:37.616+0000] {dag.py:3696} INFO - Setting next_dagrun for coletar_dados_api to 2025-05-27T00:00:00+00:00, run_after=2025-05-28T00:00:00+00:00
[2025-05-27T00:10:37.624+0000] {processor.py:179} INFO - Processing /opt/airflow/dags/coleta_dados.py took 0.346 seconds
