[2025-09-16T16:41:16.607+0000] {taskinstance.py:1157} INFO - Dependencies all met for dep_context=non-requeueable deps ti=<TaskInstance: crypto_pipeline_postgres_debug.extract manual__2025-09-16T16:41:13.748848+00:00 [queued]>
[2025-09-16T16:41:16.612+0000] {taskinstance.py:1157} INFO - Dependencies all met for dep_context=requeueable deps ti=<TaskInstance: crypto_pipeline_postgres_debug.extract manual__2025-09-16T16:41:13.748848+00:00 [queued]>
[2025-09-16T16:41:16.612+0000] {taskinstance.py:1359} INFO - Starting attempt 1 of 2
[2025-09-16T16:41:16.619+0000] {taskinstance.py:1380} INFO - Executing <Task(PythonOperator): extract> on 2025-09-16 16:41:13.748848+00:00
[2025-09-16T16:41:16.623+0000] {standard_task_runner.py:57} INFO - Started process 48 to run task
[2025-09-16T16:41:16.625+0000] {standard_task_runner.py:84} INFO - Running: ['***', 'tasks', 'run', 'crypto_pipeline_postgres_debug', 'extract', 'manual__2025-09-16T16:41:13.748848+00:00', '--job-id', '15', '--raw', '--subdir', 'DAGS_FOLDER/coleta_dados.py', '--cfg-path', '/tmp/tmp63h2er7m']
[2025-09-16T16:41:16.626+0000] {standard_task_runner.py:85} INFO - Job 15: Subtask extract
[2025-09-16T16:41:16.655+0000] {task_command.py:415} INFO - Running <TaskInstance: crypto_pipeline_postgres_debug.extract manual__2025-09-16T16:41:13.748848+00:00 [running]> on host b184fe18b631
[2025-09-16T16:41:16.703+0000] {taskinstance.py:1660} INFO - Exporting env vars: AIRFLOW_CTX_DAG_OWNER='***' AIRFLOW_CTX_DAG_ID='crypto_pipeline_postgres_debug' AIRFLOW_CTX_TASK_ID='extract' AIRFLOW_CTX_EXECUTION_DATE='2025-09-16T16:41:13.748848+00:00' AIRFLOW_CTX_TRY_NUMBER='1' AIRFLOW_CTX_DAG_RUN_ID='manual__2025-09-16T16:41:13.748848+00:00'
[2025-09-16T16:41:16.703+0000] {logging_mixin.py:151} INFO - === EXTRAÇÃO ===
[2025-09-16T16:41:17.320+0000] {logging_mixin.py:151} INFO - Dados extraídos:
[2025-09-16T16:41:17.342+0000] {logging_mixin.py:151} INFO -          id  ...              last_updated
0   bitcoin  ...  2025-09-16T16:41:14.398Z
1  ethereum  ...  2025-09-16T16:41:14.906Z
2   cardano  ...  2025-09-16T16:41:08.034Z

[3 rows x 26 columns]
[2025-09-16T16:41:17.353+0000] {python.py:194} INFO - Done. Returned value was: None
[2025-09-16T16:41:17.359+0000] {taskinstance.py:1398} INFO - Marking task as SUCCESS. dag_id=crypto_pipeline_postgres_debug, task_id=extract, execution_date=20250916T164113, start_date=20250916T164116, end_date=20250916T164117
[2025-09-16T16:41:17.398+0000] {local_task_job_runner.py:228} INFO - Task exited with return code 0
[2025-09-16T16:41:17.415+0000] {taskinstance.py:2776} INFO - 1 downstream tasks scheduled from follow-on schedule check
