[2025-09-16T17:17:00.228+0000] {taskinstance.py:1157} INFO - Dependencies all met for dep_context=non-requeueable deps ti=<TaskInstance: crypto_pipeline_postgres_debug.extract __airflow_temporary_run_2025-09-16T16:35:26.278388+00:00__ [queued]>
[2025-09-16T17:17:00.234+0000] {taskinstance.py:1157} INFO - Dependencies all met for dep_context=requeueable deps ti=<TaskInstance: crypto_pipeline_postgres_debug.extract __airflow_temporary_run_2025-09-16T16:35:26.278388+00:00__ [queued]>
[2025-09-16T17:17:00.234+0000] {taskinstance.py:1359} INFO - Starting attempt 2 of 3
[2025-09-16T17:17:00.243+0000] {taskinstance.py:1380} INFO - Executing <Task(PythonOperator): extract> on 2025-09-16 00:00:00+00:00
[2025-09-16T17:17:00.247+0000] {standard_task_runner.py:57} INFO - Started process 207 to run task
[2025-09-16T17:17:00.250+0000] {standard_task_runner.py:84} INFO - Running: ['***', 'tasks', 'run', 'crypto_pipeline_postgres_debug', 'extract', '__***_temporary_run_2025-09-16T16:35:26.278388+00:00__', '--job-id', '30', '--raw', '--subdir', 'DAGS_FOLDER/crypto_pipeline_postgres_debug.py', '--cfg-path', '/tmp/tmpswksoym4']
[2025-09-16T17:17:00.251+0000] {standard_task_runner.py:85} INFO - Job 30: Subtask extract
[2025-09-16T17:17:00.281+0000] {task_command.py:415} INFO - Running <TaskInstance: crypto_pipeline_postgres_debug.extract __airflow_temporary_run_2025-09-16T16:35:26.278388+00:00__ [running]> on host 958f44e9a439
[2025-09-16T17:17:00.335+0000] {taskinstance.py:1660} INFO - Exporting env vars: AIRFLOW_CTX_DAG_OWNER='***' AIRFLOW_CTX_DAG_ID='crypto_pipeline_postgres_debug' AIRFLOW_CTX_TASK_ID='extract' AIRFLOW_CTX_EXECUTION_DATE='2025-09-16T00:00:00+00:00' AIRFLOW_CTX_TRY_NUMBER='2' AIRFLOW_CTX_DAG_RUN_ID='__***_temporary_run_2025-09-16T16:35:26.278388+00:00__'
[2025-09-16T17:17:00.336+0000] {logging_mixin.py:151} INFO - === EXTRAÇÃO ===
[2025-09-16T17:17:00.438+0000] {logging_mixin.py:151} INFO - Dados extraídos:
[2025-09-16T17:17:00.460+0000] {logging_mixin.py:151} INFO -          id  ...              last_updated
0   bitcoin  ...  2025-09-16T17:16:43.975Z
1  ethereum  ...  2025-09-16T17:16:44.002Z
2   cardano  ...  2025-09-16T17:16:44.797Z

[3 rows x 26 columns]
[2025-09-16T17:17:00.471+0000] {python.py:194} INFO - Done. Returned value was: None
[2025-09-16T17:17:00.478+0000] {taskinstance.py:1398} INFO - Marking task as SUCCESS. dag_id=crypto_pipeline_postgres_debug, task_id=extract, execution_date=20250916T000000, start_date=20250916T171700, end_date=20250916T171700
[2025-09-16T17:17:00.502+0000] {local_task_job_runner.py:228} INFO - Task exited with return code 0
[2025-09-16T17:17:00.519+0000] {taskinstance.py:2776} INFO - 1 downstream tasks scheduled from follow-on schedule check
