[2025-09-16T16:35:29.552+0000] {taskinstance.py:1157} INFO - Dependencies all met for dep_context=non-requeueable deps ti=<TaskInstance: crypto_pipeline_postgres_debug.extract __airflow_temporary_run_2025-09-16T16:35:26.278388+00:00__ [queued]>
[2025-09-16T16:35:29.558+0000] {taskinstance.py:1157} INFO - Dependencies all met for dep_context=requeueable deps ti=<TaskInstance: crypto_pipeline_postgres_debug.extract __airflow_temporary_run_2025-09-16T16:35:26.278388+00:00__ [queued]>
[2025-09-16T16:35:29.558+0000] {taskinstance.py:1359} INFO - Starting attempt 1 of 2
[2025-09-16T16:35:29.567+0000] {taskinstance.py:1380} INFO - Executing <Task(PythonOperator): extract> on 2025-09-16 00:00:00+00:00
[2025-09-16T16:35:29.572+0000] {standard_task_runner.py:57} INFO - Started process 114 to run task
[2025-09-16T16:35:29.574+0000] {standard_task_runner.py:84} INFO - Running: ['***', 'tasks', 'run', 'crypto_pipeline_postgres_debug', 'extract', '__***_temporary_run_2025-09-16T16:35:26.278388+00:00__', '--job-id', '6', '--raw', '--subdir', 'DAGS_FOLDER/coleta_dados.py', '--cfg-path', '/tmp/tmpatvtxc98']
[2025-09-16T16:35:29.576+0000] {standard_task_runner.py:85} INFO - Job 6: Subtask extract
[2025-09-16T16:35:29.609+0000] {task_command.py:415} INFO - Running <TaskInstance: crypto_pipeline_postgres_debug.extract __airflow_temporary_run_2025-09-16T16:35:26.278388+00:00__ [running]> on host ea08ecfca1c4
[2025-09-16T16:35:29.659+0000] {taskinstance.py:1660} INFO - Exporting env vars: AIRFLOW_CTX_DAG_OWNER='***' AIRFLOW_CTX_DAG_ID='crypto_pipeline_postgres_debug' AIRFLOW_CTX_TASK_ID='extract' AIRFLOW_CTX_EXECUTION_DATE='2025-09-16T00:00:00+00:00' AIRFLOW_CTX_TRY_NUMBER='1' AIRFLOW_CTX_DAG_RUN_ID='__***_temporary_run_2025-09-16T16:35:26.278388+00:00__'
[2025-09-16T16:35:29.660+0000] {logging_mixin.py:151} INFO - === EXTRAÇÃO ===
[2025-09-16T16:35:29.770+0000] {logging_mixin.py:151} INFO - Dados extraídos:
[2025-09-16T16:35:29.792+0000] {logging_mixin.py:151} INFO -          id  ...              last_updated
0   bitcoin  ...  2025-09-16T16:35:00.905Z
1  ethereum  ...  2025-09-16T16:35:00.941Z
2   cardano  ...  2025-09-16T16:34:54.639Z

[3 rows x 26 columns]
[2025-09-16T16:35:29.803+0000] {python.py:194} INFO - Done. Returned value was: None
[2025-09-16T16:35:29.809+0000] {taskinstance.py:1398} INFO - Marking task as SUCCESS. dag_id=crypto_pipeline_postgres_debug, task_id=extract, execution_date=20250916T000000, start_date=20250916T163529, end_date=20250916T163529
[2025-09-16T16:35:29.826+0000] {local_task_job_runner.py:228} INFO - Task exited with return code 0
[2025-09-16T16:35:29.848+0000] {taskinstance.py:2776} INFO - 1 downstream tasks scheduled from follow-on schedule check
