[2025-09-16T17:17:10.208+0000] {taskinstance.py:1157} INFO - Dependencies all met for dep_context=non-requeueable deps ti=<TaskInstance: crypto_pipeline_postgres_debug.transform manual__2025-09-16T16:35:07+00:00 [queued]>
[2025-09-16T17:17:10.213+0000] {taskinstance.py:1157} INFO - Dependencies all met for dep_context=requeueable deps ti=<TaskInstance: crypto_pipeline_postgres_debug.transform manual__2025-09-16T16:35:07+00:00 [queued]>
[2025-09-16T17:17:10.213+0000] {taskinstance.py:1359} INFO - Starting attempt 3 of 4
[2025-09-16T17:17:10.221+0000] {taskinstance.py:1380} INFO - Executing <Task(PythonOperator): transform> on 2025-09-16 16:35:07+00:00
[2025-09-16T17:17:10.226+0000] {standard_task_runner.py:57} INFO - Started process 269 to run task
[2025-09-16T17:17:10.228+0000] {standard_task_runner.py:84} INFO - Running: ['***', 'tasks', 'run', 'crypto_pipeline_postgres_debug', 'transform', 'manual__2025-09-16T16:35:07+00:00', '--job-id', '34', '--raw', '--subdir', 'DAGS_FOLDER/crypto_pipeline_postgres_debug.py', '--cfg-path', '/tmp/tmpe6jw0uid']
[2025-09-16T17:17:10.229+0000] {standard_task_runner.py:85} INFO - Job 34: Subtask transform
[2025-09-16T17:17:10.257+0000] {task_command.py:415} INFO - Running <TaskInstance: crypto_pipeline_postgres_debug.transform manual__2025-09-16T16:35:07+00:00 [running]> on host 958f44e9a439
[2025-09-16T17:17:10.307+0000] {taskinstance.py:1660} INFO - Exporting env vars: AIRFLOW_CTX_DAG_OWNER='***' AIRFLOW_CTX_DAG_ID='crypto_pipeline_postgres_debug' AIRFLOW_CTX_TASK_ID='transform' AIRFLOW_CTX_EXECUTION_DATE='2025-09-16T16:35:07+00:00' AIRFLOW_CTX_TRY_NUMBER='3' AIRFLOW_CTX_DAG_RUN_ID='manual__2025-09-16T16:35:07+00:00'
[2025-09-16T17:17:10.308+0000] {logging_mixin.py:151} INFO - === TRANSFORMAÇÃO ===
[2025-09-16T17:17:10.316+0000] {logging_mixin.py:151} INFO - Dados antes da transformação:
[2025-09-16T17:17:10.337+0000] {logging_mixin.py:151} INFO -          id  ...              last_updated
0   bitcoin  ...  2025-09-16T17:16:43.975Z
1  ethereum  ...  2025-09-16T17:16:44.002Z
2   cardano  ...  2025-09-16T17:16:44.797Z

[3 rows x 26 columns]
[2025-09-16T17:17:10.341+0000] {logging_mixin.py:151} INFO - Dados transformados:
[2025-09-16T17:17:10.348+0000] {logging_mixin.py:151} INFO -          id symbol  ... price_change_ratio  is_profitable
0   bitcoin    btc  ...           1.015435          False
1  ethereum    eth  ...           1.023715          False
2   cardano    ada  ...           1.022962          False

[3 rows x 11 columns]
[2025-09-16T17:17:10.357+0000] {python.py:194} INFO - Done. Returned value was: None
[2025-09-16T17:17:10.363+0000] {taskinstance.py:1398} INFO - Marking task as SUCCESS. dag_id=crypto_pipeline_postgres_debug, task_id=transform, execution_date=20250916T163507, start_date=20250916T171710, end_date=20250916T171710
[2025-09-16T17:17:10.399+0000] {local_task_job_runner.py:228} INFO - Task exited with return code 0
[2025-09-16T17:17:10.414+0000] {taskinstance.py:2776} INFO - 1 downstream tasks scheduled from follow-on schedule check
