[2025-09-16T17:20:00.536+0000] {taskinstance.py:1157} INFO - Dependencies all met for dep_context=non-requeueable deps ti=<TaskInstance: crypto_pipeline_postgres_debug.load manual__2025-09-16T17:19:52.528055+00:00 [queued]>
[2025-09-16T17:20:00.542+0000] {taskinstance.py:1157} INFO - Dependencies all met for dep_context=requeueable deps ti=<TaskInstance: crypto_pipeline_postgres_debug.load manual__2025-09-16T17:19:52.528055+00:00 [queued]>
[2025-09-16T17:20:00.542+0000] {taskinstance.py:1359} INFO - Starting attempt 1 of 2
[2025-09-16T17:20:00.553+0000] {taskinstance.py:1380} INFO - Executing <Task(PythonOperator): load> on 2025-09-16 17:19:52.528055+00:00
[2025-09-16T17:20:00.557+0000] {standard_task_runner.py:57} INFO - Started process 384 to run task
[2025-09-16T17:20:00.560+0000] {standard_task_runner.py:84} INFO - Running: ['***', 'tasks', 'run', 'crypto_pipeline_postgres_debug', 'load', 'manual__2025-09-16T17:19:52.528055+00:00', '--job-id', '41', '--raw', '--subdir', 'DAGS_FOLDER/crypto_pipeline_postgres_debug.py', '--cfg-path', '/tmp/tmpzmlxupv3']
[2025-09-16T17:20:00.561+0000] {standard_task_runner.py:85} INFO - Job 41: Subtask load
[2025-09-16T17:20:00.602+0000] {task_command.py:415} INFO - Running <TaskInstance: crypto_pipeline_postgres_debug.load manual__2025-09-16T17:19:52.528055+00:00 [running]> on host 958f44e9a439
[2025-09-16T17:20:00.656+0000] {taskinstance.py:1660} INFO - Exporting env vars: AIRFLOW_CTX_DAG_OWNER='***' AIRFLOW_CTX_DAG_ID='crypto_pipeline_postgres_debug' AIRFLOW_CTX_TASK_ID='load' AIRFLOW_CTX_EXECUTION_DATE='2025-09-16T17:19:52.528055+00:00' AIRFLOW_CTX_TRY_NUMBER='1' AIRFLOW_CTX_DAG_RUN_ID='manual__2025-09-16T17:19:52.528055+00:00'
[2025-09-16T17:20:00.657+0000] {logging_mixin.py:151} INFO - === CARREGAMENTO ===
[2025-09-16T17:20:00.668+0000] {logging_mixin.py:151} INFO - Dados a serem inseridos:
[2025-09-16T17:20:00.684+0000] {logging_mixin.py:151} INFO -          id symbol  ... price_change_ratio  is_profitable
0   bitcoin    btc  ...           1.016499          False
1  ethereum    eth  ...           1.023715          False
2   cardano    ada  ...           1.024777          False

[3 rows x 11 columns]
[2025-09-16T17:20:00.690+0000] {base.py:73} INFO - Using connection ID 'postgres_default' for task execution.
[2025-09-16T17:20:00.694+0000] {logging_mixin.py:151} INFO - Garantindo que schema e tabela existam...
[2025-09-16T17:20:00.695+0000] {logging_mixin.py:151} INFO - Inserindo 3 linhas no banco...
[2025-09-16T17:20:00.702+0000] {logging_mixin.py:151} INFO - Dados inseridos com sucesso!
[2025-09-16T17:20:00.702+0000] {python.py:194} INFO - Done. Returned value was: None
[2025-09-16T17:20:00.709+0000] {taskinstance.py:1398} INFO - Marking task as SUCCESS. dag_id=crypto_pipeline_postgres_debug, task_id=load, execution_date=20250916T171952, start_date=20250916T172000, end_date=20250916T172000
[2025-09-16T17:20:00.731+0000] {local_task_job_runner.py:228} INFO - Task exited with return code 0
[2025-09-16T17:20:00.745+0000] {taskinstance.py:2776} INFO - 0 downstream tasks scheduled from follow-on schedule check
